{"/home/ubuntu/upload/apocalypse-academy-final/repositories/CourseRepository.js": {"path":"/home/ubuntu/upload/apocalypse-academy-final/repositories/CourseRepository.js","statementMap":{"0":{"start":{"line":9,"column":4},"end":{"line":247,"column":6}},"1":{"start":{"line":254,"column":4},"end":{"line":259,"column":5}},"2":{"start":{"line":255,"column":21},"end":{"line":255,"column":56}},"3":{"start":{"line":255,"column":44},"end":{"line":255,"column":55}},"4":{"start":{"line":256,"column":6},"end":{"line":256,"column":43}},"5":{"start":{"line":258,"column":6},"end":{"line":258,"column":71}},"6":{"start":{"line":266,"column":4},"end":{"line":271,"column":5}},"7":{"start":{"line":267,"column":21},"end":{"line":267,"column":60}},"8":{"start":{"line":267,"column":44},"end":{"line":267,"column":59}},"9":{"start":{"line":268,"column":6},"end":{"line":268,"column":43}},"10":{"start":{"line":270,"column":6},"end":{"line":270,"column":73}},"11":{"start":{"line":278,"column":4},"end":{"line":346,"column":5}},"12":{"start":{"line":279,"column":28},"end":{"line":279,"column":45}},"13":{"start":{"line":282,"column":6},"end":{"line":284,"column":7}},"14":{"start":{"line":283,"column":8},"end":{"line":283,"column":87}},"15":{"start":{"line":283,"column":54},"end":{"line":283,"column":85}},"16":{"start":{"line":287,"column":6},"end":{"line":289,"column":7}},"17":{"start":{"line":288,"column":8},"end":{"line":288,"column":81}},"18":{"start":{"line":288,"column":54},"end":{"line":288,"column":79}},"19":{"start":{"line":292,"column":6},"end":{"line":294,"column":7}},"20":{"start":{"line":293,"column":8},"end":{"line":293,"column":89}},"21":{"start":{"line":293,"column":54},"end":{"line":293,"column":87}},"22":{"start":{"line":297,"column":6},"end":{"line":299,"column":7}},"23":{"start":{"line":298,"column":8},"end":{"line":298,"column":91}},"24":{"start":{"line":298,"column":54},"end":{"line":298,"column":89}},"25":{"start":{"line":302,"column":6},"end":{"line":304,"column":7}},"26":{"start":{"line":303,"column":8},"end":{"line":303,"column":93}},"27":{"start":{"line":303,"column":54},"end":{"line":303,"column":91}},"28":{"start":{"line":307,"column":6},"end":{"line":314,"column":7}},"29":{"start":{"line":308,"column":27},"end":{"line":308,"column":55}},"30":{"start":{"line":309,"column":8},"end":{"line":313,"column":10}},"31":{"start":{"line":310,"column":10},"end":{"line":312,"column":68}},"32":{"start":{"line":312,"column":29},"end":{"line":312,"column":67}},"33":{"start":{"line":317,"column":6},"end":{"line":334,"column":7}},"34":{"start":{"line":318,"column":8},"end":{"line":333,"column":11}},"35":{"start":{"line":319,"column":10},"end":{"line":332,"column":11}},"36":{"start":{"line":321,"column":14},"end":{"line":321,"column":52}},"37":{"start":{"line":323,"column":14},"end":{"line":323,"column":41}},"38":{"start":{"line":325,"column":14},"end":{"line":325,"column":55}},"39":{"start":{"line":327,"column":14},"end":{"line":327,"column":39}},"40":{"start":{"line":329,"column":14},"end":{"line":329,"column":67}},"41":{"start":{"line":331,"column":14},"end":{"line":331,"column":23}},"42":{"start":{"line":337,"column":6},"end":{"line":341,"column":7}},"43":{"start":{"line":338,"column":22},"end":{"line":338,"column":56}},"44":{"start":{"line":339,"column":20},"end":{"line":339,"column":41}},"45":{"start":{"line":340,"column":8},"end":{"line":340,"column":60}},"46":{"start":{"line":343,"column":6},"end":{"line":343,"column":60}},"47":{"start":{"line":343,"column":44},"end":{"line":343,"column":57}},"48":{"start":{"line":345,"column":6},"end":{"line":345,"column":65}},"49":{"start":{"line":353,"column":4},"end":{"line":361,"column":5}},"50":{"start":{"line":354,"column":23},"end":{"line":356,"column":24}},"51":{"start":{"line":355,"column":21},"end":{"line":355,"column":50}},"52":{"start":{"line":358,"column":6},"end":{"line":358,"column":53}},"53":{"start":{"line":358,"column":37},"end":{"line":358,"column":50}},"54":{"start":{"line":360,"column":6},"end":{"line":360,"column":77}},"55":{"start":{"line":368,"column":4},"end":{"line":380,"column":5}},"56":{"start":{"line":369,"column":20},"end":{"line":371,"column":7}},"57":{"start":{"line":370,"column":8},"end":{"line":370,"column":48}},"58":{"start":{"line":373,"column":6},"end":{"line":375,"column":7}},"59":{"start":{"line":374,"column":8},"end":{"line":374,"column":42}},"60":{"start":{"line":377,"column":6},"end":{"line":377,"column":52}},"61":{"start":{"line":377,"column":36},"end":{"line":377,"column":49}},"62":{"start":{"line":379,"column":6},"end":{"line":379,"column":79}},"63":{"start":{"line":387,"column":4},"end":{"line":407,"column":5}},"64":{"start":{"line":388,"column":21},"end":{"line":388,"column":50}},"65":{"start":{"line":389,"column":6},"end":{"line":391,"column":7}},"66":{"start":{"line":390,"column":8},"end":{"line":390,"column":48}},"67":{"start":{"line":395,"column":28},"end":{"line":399,"column":7}},"68":{"start":{"line":401,"column":26},"end":{"line":401,"column":72}},"69":{"start":{"line":401,"column":54},"end":{"line":401,"column":71}},"70":{"start":{"line":402,"column":6},"end":{"line":402,"column":48}},"71":{"start":{"line":404,"column":6},"end":{"line":404,"column":34}},"72":{"start":{"line":406,"column":6},"end":{"line":406,"column":71}},"73":{"start":{"line":414,"column":4},"end":{"line":449,"column":5}},"74":{"start":{"line":415,"column":21},"end":{"line":415,"column":50}},"75":{"start":{"line":416,"column":6},"end":{"line":418,"column":7}},"76":{"start":{"line":417,"column":8},"end":{"line":417,"column":48}},"77":{"start":{"line":420,"column":30},"end":{"line":425,"column":8}},"78":{"start":{"line":421,"column":8},"end":{"line":423,"column":9}},"79":{"start":{"line":422,"column":10},"end":{"line":422,"column":75}},"80":{"start":{"line":424,"column":8},"end":{"line":424,"column":23}},"81":{"start":{"line":428,"column":27},"end":{"line":428,"column":77}},"82":{"start":{"line":428,"column":58},"end":{"line":428,"column":76}},"83":{"start":{"line":429,"column":6},"end":{"line":431,"column":7}},"84":{"start":{"line":430,"column":8},"end":{"line":430,"column":65}},"85":{"start":{"line":433,"column":29},"end":{"line":433,"column":78}},"86":{"start":{"line":433,"column":57},"end":{"line":433,"column":70}},"87":{"start":{"line":434,"column":23},"end":{"line":434,"column":82}},"88":{"start":{"line":436,"column":28},"end":{"line":441,"column":7}},"89":{"start":{"line":443,"column":26},"end":{"line":443,"column":72}},"90":{"start":{"line":443,"column":54},"end":{"line":443,"column":71}},"91":{"start":{"line":444,"column":6},"end":{"line":444,"column":48}},"92":{"start":{"line":446,"column":6},"end":{"line":446,"column":34}},"93":{"start":{"line":448,"column":6},"end":{"line":448,"column":66}},"94":{"start":{"line":456,"column":4},"end":{"line":479,"column":5}},"95":{"start":{"line":458,"column":29},"end":{"line":458,"column":67}},"96":{"start":{"line":459,"column":6},"end":{"line":461,"column":7}},"97":{"start":{"line":460,"column":8},"end":{"line":460,"column":47}},"98":{"start":{"line":463,"column":24},"end":{"line":473,"column":7}},"99":{"start":{"line":475,"column":6},"end":{"line":475,"column":35}},"100":{"start":{"line":476,"column":6},"end":{"line":476,"column":30}},"101":{"start":{"line":478,"column":6},"end":{"line":478,"column":63}},"102":{"start":{"line":486,"column":4},"end":{"line":502,"column":5}},"103":{"start":{"line":487,"column":26},"end":{"line":487,"column":66}},"104":{"start":{"line":487,"column":54},"end":{"line":487,"column":65}},"105":{"start":{"line":488,"column":6},"end":{"line":490,"column":7}},"106":{"start":{"line":489,"column":8},"end":{"line":489,"column":48}},"107":{"start":{"line":492,"column":28},"end":{"line":496,"column":7}},"108":{"start":{"line":498,"column":6},"end":{"line":498,"column":48}},"109":{"start":{"line":499,"column":6},"end":{"line":499,"column":34}},"110":{"start":{"line":501,"column":6},"end":{"line":501,"column":67}},"111":{"start":{"line":509,"column":4},"end":{"line":519,"column":5}},"112":{"start":{"line":510,"column":26},"end":{"line":510,"column":66}},"113":{"start":{"line":510,"column":54},"end":{"line":510,"column":65}},"114":{"start":{"line":511,"column":6},"end":{"line":513,"column":7}},"115":{"start":{"line":512,"column":8},"end":{"line":512,"column":48}},"116":{"start":{"line":515,"column":28},"end":{"line":515,"column":66}},"117":{"start":{"line":516,"column":6},"end":{"line":516,"column":34}},"118":{"start":{"line":518,"column":6},"end":{"line":518,"column":65}},"119":{"start":{"line":526,"column":4},"end":{"line":542,"column":5}},"120":{"start":{"line":527,"column":27},"end":{"line":527,"column":46}},"121":{"start":{"line":528,"column":31},"end":{"line":528,"column":77}},"122":{"start":{"line":528,"column":56},"end":{"line":528,"column":69}},"123":{"start":{"line":529,"column":29},"end":{"line":529,"column":73}},"124":{"start":{"line":529,"column":54},"end":{"line":529,"column":65}},"125":{"start":{"line":530,"column":28},"end":{"line":530,"column":85}},"126":{"start":{"line":530,"column":60},"end":{"line":530,"column":81}},"127":{"start":{"line":531,"column":28},"end":{"line":531,"column":93}},"128":{"start":{"line":531,"column":60},"end":{"line":531,"column":74}},"129":{"start":{"line":533,"column":6},"end":{"line":539,"column":8}},"130":{"start":{"line":541,"column":6},"end":{"line":541,"column":71}}},"fnMap":{"0":{"name":"(anonymous_0)","decl":{"start":{"line":7,"column":2},"end":{"line":7,"column":3}},"loc":{"start":{"line":7,"column":33},"end":{"line":248,"column":3}},"line":7},"1":{"name":"(anonymous_1)","decl":{"start":{"line":253,"column":2},"end":{"line":253,"column":3}},"loc":{"start":{"line":253,"column":21},"end":{"line":260,"column":3}},"line":253},"2":{"name":"(anonymous_2)","decl":{"start":{"line":255,"column":39},"end":{"line":255,"column":40}},"loc":{"start":{"line":255,"column":44},"end":{"line":255,"column":55}},"line":255},"3":{"name":"(anonymous_3)","decl":{"start":{"line":265,"column":2},"end":{"line":265,"column":3}},"loc":{"start":{"line":265,"column":25},"end":{"line":272,"column":3}},"line":265},"4":{"name":"(anonymous_4)","decl":{"start":{"line":267,"column":39},"end":{"line":267,"column":40}},"loc":{"start":{"line":267,"column":44},"end":{"line":267,"column":59}},"line":267},"5":{"name":"(anonymous_5)","decl":{"start":{"line":277,"column":2},"end":{"line":277,"column":3}},"loc":{"start":{"line":277,"column":30},"end":{"line":347,"column":3}},"line":277},"6":{"name":"(anonymous_6)","decl":{"start":{"line":283,"column":49},"end":{"line":283,"column":50}},"loc":{"start":{"line":283,"column":54},"end":{"line":283,"column":85}},"line":283},"7":{"name":"(anonymous_7)","decl":{"start":{"line":288,"column":49},"end":{"line":288,"column":50}},"loc":{"start":{"line":288,"column":54},"end":{"line":288,"column":79}},"line":288},"8":{"name":"(anonymous_8)","decl":{"start":{"line":293,"column":49},"end":{"line":293,"column":50}},"loc":{"start":{"line":293,"column":54},"end":{"line":293,"column":87}},"line":293},"9":{"name":"(anonymous_9)","decl":{"start":{"line":298,"column":49},"end":{"line":298,"column":50}},"loc":{"start":{"line":298,"column":54},"end":{"line":298,"column":89}},"line":298},"10":{"name":"(anonymous_10)","decl":{"start":{"line":303,"column":49},"end":{"line":303,"column":50}},"loc":{"start":{"line":303,"column":54},"end":{"line":303,"column":91}},"line":303},"11":{"name":"(anonymous_11)","decl":{"start":{"line":309,"column":49},"end":{"line":309,"column":50}},"loc":{"start":{"line":310,"column":10},"end":{"line":312,"column":68}},"line":310},"12":{"name":"(anonymous_12)","decl":{"start":{"line":312,"column":22},"end":{"line":312,"column":23}},"loc":{"start":{"line":312,"column":29},"end":{"line":312,"column":67}},"line":312},"13":{"name":"(anonymous_13)","decl":{"start":{"line":318,"column":29},"end":{"line":318,"column":30}},"loc":{"start":{"line":318,"column":39},"end":{"line":333,"column":9}},"line":318},"14":{"name":"(anonymous_14)","decl":{"start":{"line":343,"column":33},"end":{"line":343,"column":34}},"loc":{"start":{"line":343,"column":44},"end":{"line":343,"column":57}},"line":343},"15":{"name":"(anonymous_15)","decl":{"start":{"line":352,"column":2},"end":{"line":352,"column":3}},"loc":{"start":{"line":352,"column":32},"end":{"line":362,"column":3}},"line":352},"16":{"name":"(anonymous_16)","decl":{"start":{"line":355,"column":16},"end":{"line":355,"column":17}},"loc":{"start":{"line":355,"column":21},"end":{"line":355,"column":50}},"line":355},"17":{"name":"(anonymous_17)","decl":{"start":{"line":358,"column":26},"end":{"line":358,"column":27}},"loc":{"start":{"line":358,"column":37},"end":{"line":358,"column":50}},"line":358},"18":{"name":"(anonymous_18)","decl":{"start":{"line":367,"column":2},"end":{"line":367,"column":3}},"loc":{"start":{"line":367,"column":47},"end":{"line":381,"column":3}},"line":367},"19":{"name":"(anonymous_19)","decl":{"start":{"line":369,"column":40},"end":{"line":369,"column":41}},"loc":{"start":{"line":370,"column":8},"end":{"line":370,"column":48}},"line":370},"20":{"name":"(anonymous_20)","decl":{"start":{"line":377,"column":25},"end":{"line":377,"column":26}},"loc":{"start":{"line":377,"column":36},"end":{"line":377,"column":49}},"line":377},"21":{"name":"(anonymous_21)","decl":{"start":{"line":386,"column":2},"end":{"line":386,"column":3}},"loc":{"start":{"line":386,"column":55},"end":{"line":408,"column":3}},"line":386},"22":{"name":"(anonymous_22)","decl":{"start":{"line":401,"column":49},"end":{"line":401,"column":50}},"loc":{"start":{"line":401,"column":54},"end":{"line":401,"column":71}},"line":401},"23":{"name":"(anonymous_23)","decl":{"start":{"line":413,"column":2},"end":{"line":413,"column":3}},"loc":{"start":{"line":413,"column":52},"end":{"line":450,"column":3}},"line":413},"24":{"name":"(anonymous_24)","decl":{"start":{"line":420,"column":50},"end":{"line":420,"column":51}},"loc":{"start":{"line":420,"column":61},"end":{"line":425,"column":7}},"line":420},"25":{"name":"(anonymous_25)","decl":{"start":{"line":428,"column":53},"end":{"line":428,"column":54}},"loc":{"start":{"line":428,"column":58},"end":{"line":428,"column":76}},"line":428},"26":{"name":"(anonymous_26)","decl":{"start":{"line":433,"column":52},"end":{"line":433,"column":53}},"loc":{"start":{"line":433,"column":57},"end":{"line":433,"column":70}},"line":433},"27":{"name":"(anonymous_27)","decl":{"start":{"line":443,"column":49},"end":{"line":443,"column":50}},"loc":{"start":{"line":443,"column":54},"end":{"line":443,"column":71}},"line":443},"28":{"name":"(anonymous_28)","decl":{"start":{"line":455,"column":2},"end":{"line":455,"column":3}},"loc":{"start":{"line":455,"column":27},"end":{"line":480,"column":3}},"line":455},"29":{"name":"(anonymous_29)","decl":{"start":{"line":485,"column":2},"end":{"line":485,"column":3}},"loc":{"start":{"line":485,"column":28},"end":{"line":503,"column":3}},"line":485},"30":{"name":"(anonymous_30)","decl":{"start":{"line":487,"column":49},"end":{"line":487,"column":50}},"loc":{"start":{"line":487,"column":54},"end":{"line":487,"column":65}},"line":487},"31":{"name":"(anonymous_31)","decl":{"start":{"line":508,"column":2},"end":{"line":508,"column":3}},"loc":{"start":{"line":508,"column":19},"end":{"line":520,"column":3}},"line":508},"32":{"name":"(anonymous_32)","decl":{"start":{"line":510,"column":49},"end":{"line":510,"column":50}},"loc":{"start":{"line":510,"column":54},"end":{"line":510,"column":65}},"line":510},"33":{"name":"(anonymous_33)","decl":{"start":{"line":525,"column":2},"end":{"line":525,"column":3}},"loc":{"start":{"line":525,"column":19},"end":{"line":543,"column":3}},"line":525},"34":{"name":"(anonymous_34)","decl":{"start":{"line":528,"column":51},"end":{"line":528,"column":52}},"loc":{"start":{"line":528,"column":56},"end":{"line":528,"column":69}},"line":528},"35":{"name":"(anonymous_35)","decl":{"start":{"line":529,"column":49},"end":{"line":529,"column":50}},"loc":{"start":{"line":529,"column":54},"end":{"line":529,"column":65}},"line":529},"36":{"name":"(anonymous_36)","decl":{"start":{"line":530,"column":48},"end":{"line":530,"column":49}},"loc":{"start":{"line":530,"column":60},"end":{"line":530,"column":81}},"line":530},"37":{"name":"(anonymous_37)","decl":{"start":{"line":531,"column":48},"end":{"line":531,"column":49}},"loc":{"start":{"line":531,"column":60},"end":{"line":531,"column":74}},"line":531}},"branchMap":{"0":{"loc":{"start":{"line":7,"column":14},"end":{"line":7,"column":31}},"type":"default-arg","locations":[{"start":{"line":7,"column":27},"end":{"line":7,"column":31}}],"line":7},"1":{"loc":{"start":{"line":9,"column":19},"end":{"line":247,"column":5}},"type":"binary-expr","locations":[{"start":{"line":9,"column":19},"end":{"line":9,"column":29}},{"start":{"line":9,"column":33},"end":{"line":247,"column":5}}],"line":9},"2":{"loc":{"start":{"line":256,"column":13},"end":{"line":256,"column":42}},"type":"cond-expr","locations":[{"start":{"line":256,"column":22},"end":{"line":256,"column":35}},{"start":{"line":256,"column":38},"end":{"line":256,"column":42}}],"line":256},"3":{"loc":{"start":{"line":268,"column":13},"end":{"line":268,"column":42}},"type":"cond-expr","locations":[{"start":{"line":268,"column":22},"end":{"line":268,"column":35}},{"start":{"line":268,"column":38},"end":{"line":268,"column":42}}],"line":268},"4":{"loc":{"start":{"line":277,"column":16},"end":{"line":277,"column":28}},"type":"default-arg","locations":[{"start":{"line":277,"column":26},"end":{"line":277,"column":28}}],"line":277},"5":{"loc":{"start":{"line":282,"column":6},"end":{"line":284,"column":7}},"type":"if","locations":[{"start":{"line":282,"column":6},"end":{"line":284,"column":7}},{"start":{},"end":{}}],"line":282},"6":{"loc":{"start":{"line":287,"column":6},"end":{"line":289,"column":7}},"type":"if","locations":[{"start":{"line":287,"column":6},"end":{"line":289,"column":7}},{"start":{},"end":{}}],"line":287},"7":{"loc":{"start":{"line":292,"column":6},"end":{"line":294,"column":7}},"type":"if","locations":[{"start":{"line":292,"column":6},"end":{"line":294,"column":7}},{"start":{},"end":{}}],"line":292},"8":{"loc":{"start":{"line":297,"column":6},"end":{"line":299,"column":7}},"type":"if","locations":[{"start":{"line":297,"column":6},"end":{"line":299,"column":7}},{"start":{},"end":{}}],"line":297},"9":{"loc":{"start":{"line":302,"column":6},"end":{"line":304,"column":7}},"type":"if","locations":[{"start":{"line":302,"column":6},"end":{"line":304,"column":7}},{"start":{},"end":{}}],"line":302},"10":{"loc":{"start":{"line":307,"column":6},"end":{"line":314,"column":7}},"type":"if","locations":[{"start":{"line":307,"column":6},"end":{"line":314,"column":7}},{"start":{},"end":{}}],"line":307},"11":{"loc":{"start":{"line":310,"column":10},"end":{"line":312,"column":68}},"type":"binary-expr","locations":[{"start":{"line":310,"column":10},"end":{"line":310,"column":52}},{"start":{"line":311,"column":10},"end":{"line":311,"column":58}},{"start":{"line":312,"column":10},"end":{"line":312,"column":68}}],"line":310},"12":{"loc":{"start":{"line":317,"column":6},"end":{"line":334,"column":7}},"type":"if","locations":[{"start":{"line":317,"column":6},"end":{"line":334,"column":7}},{"start":{},"end":{}}],"line":317},"13":{"loc":{"start":{"line":319,"column":10},"end":{"line":332,"column":11}},"type":"switch","locations":[{"start":{"line":320,"column":12},"end":{"line":321,"column":52}},{"start":{"line":322,"column":12},"end":{"line":323,"column":41}},{"start":{"line":324,"column":12},"end":{"line":325,"column":55}},{"start":{"line":326,"column":12},"end":{"line":327,"column":39}},{"start":{"line":328,"column":12},"end":{"line":329,"column":67}},{"start":{"line":330,"column":12},"end":{"line":331,"column":23}}],"line":319},"14":{"loc":{"start":{"line":337,"column":6},"end":{"line":341,"column":7}},"type":"if","locations":[{"start":{"line":337,"column":6},"end":{"line":341,"column":7}},{"start":{},"end":{}}],"line":337},"15":{"loc":{"start":{"line":337,"column":10},"end":{"line":337,"column":39}},"type":"binary-expr","locations":[{"start":{"line":337,"column":10},"end":{"line":337,"column":22}},{"start":{"line":337,"column":26},"end":{"line":337,"column":39}}],"line":337},"16":{"loc":{"start":{"line":352,"column":21},"end":{"line":352,"column":30}},"type":"default-arg","locations":[{"start":{"line":352,"column":29},"end":{"line":352,"column":30}}],"line":352},"17":{"loc":{"start":{"line":355,"column":21},"end":{"line":355,"column":50}},"type":"binary-expr","locations":[{"start":{"line":355,"column":21},"end":{"line":355,"column":33}},{"start":{"line":355,"column":37},"end":{"line":355,"column":50}}],"line":355},"18":{"loc":{"start":{"line":367,"column":33},"end":{"line":367,"column":45}},"type":"default-arg","locations":[{"start":{"line":367,"column":41},"end":{"line":367,"column":45}}],"line":367},"19":{"loc":{"start":{"line":370,"column":8},"end":{"line":370,"column":48}},"type":"binary-expr","locations":[{"start":{"line":370,"column":8},"end":{"line":370,"column":31}},{"start":{"line":370,"column":35},"end":{"line":370,"column":48}}],"line":370},"20":{"loc":{"start":{"line":373,"column":6},"end":{"line":375,"column":7}},"type":"if","locations":[{"start":{"line":373,"column":6},"end":{"line":375,"column":7}},{"start":{},"end":{}}],"line":373},"21":{"loc":{"start":{"line":389,"column":6},"end":{"line":391,"column":7}},"type":"if","locations":[{"start":{"line":389,"column":6},"end":{"line":391,"column":7}},{"start":{},"end":{}}],"line":389},"22":{"loc":{"start":{"line":397,"column":26},"end":{"line":397,"column":82}},"type":"binary-expr","locations":[{"start":{"line":397,"column":26},"end":{"line":397,"column":55}},{"start":{"line":397,"column":59},"end":{"line":397,"column":82}}],"line":397},"23":{"loc":{"start":{"line":398,"column":18},"end":{"line":398,"column":58}},"type":"binary-expr","locations":[{"start":{"line":398,"column":18},"end":{"line":398,"column":39}},{"start":{"line":398,"column":43},"end":{"line":398,"column":58}}],"line":398},"24":{"loc":{"start":{"line":416,"column":6},"end":{"line":418,"column":7}},"type":"if","locations":[{"start":{"line":416,"column":6},"end":{"line":418,"column":7}},{"start":{},"end":{}}],"line":416},"25":{"loc":{"start":{"line":421,"column":8},"end":{"line":423,"column":9}},"type":"if","locations":[{"start":{"line":421,"column":8},"end":{"line":423,"column":9}},{"start":{},"end":{}}],"line":421},"26":{"loc":{"start":{"line":429,"column":6},"end":{"line":431,"column":7}},"type":"if","locations":[{"start":{"line":429,"column":6},"end":{"line":431,"column":7}},{"start":{},"end":{}}],"line":429},"27":{"loc":{"start":{"line":459,"column":6},"end":{"line":461,"column":7}},"type":"if","locations":[{"start":{"line":459,"column":6},"end":{"line":461,"column":7}},{"start":{},"end":{}}],"line":459},"28":{"loc":{"start":{"line":488,"column":6},"end":{"line":490,"column":7}},"type":"if","locations":[{"start":{"line":488,"column":6},"end":{"line":490,"column":7}},{"start":{},"end":{}}],"line":488},"29":{"loc":{"start":{"line":511,"column":6},"end":{"line":513,"column":7}},"type":"if","locations":[{"start":{"line":511,"column":6},"end":{"line":513,"column":7}},{"start":{},"end":{}}],"line":511}},"s":{"0":0,"1":0,"2":0,"3":0,"4":0,"5":0,"6":0,"7":0,"8":0,"9":0,"10":0,"11":0,"12":0,"13":0,"14":0,"15":0,"16":0,"17":0,"18":0,"19":0,"20":0,"21":0,"22":0,"23":0,"24":0,"25":0,"26":0,"27":0,"28":0,"29":0,"30":0,"31":0,"32":0,"33":0,"34":0,"35":0,"36":0,"37":0,"38":0,"39":0,"40":0,"41":0,"42":0,"43":0,"44":0,"45":0,"46":0,"47":0,"48":0,"49":0,"50":0,"51":0,"52":0,"53":0,"54":0,"55":0,"56":0,"57":0,"58":0,"59":0,"60":0,"61":0,"62":0,"63":0,"64":0,"65":0,"66":0,"67":0,"68":0,"69":0,"70":0,"71":0,"72":0,"73":0,"74":0,"75":0,"76":0,"77":0,"78":0,"79":0,"80":0,"81":0,"82":0,"83":0,"84":0,"85":0,"86":0,"87":0,"88":0,"89":0,"90":0,"91":0,"92":0,"93":0,"94":0,"95":0,"96":0,"97":0,"98":0,"99":0,"100":0,"101":0,"102":0,"103":0,"104":0,"105":0,"106":0,"107":0,"108":0,"109":0,"110":0,"111":0,"112":0,"113":0,"114":0,"115":0,"116":0,"117":0,"118":0,"119":0,"120":0,"121":0,"122":0,"123":0,"124":0,"125":0,"126":0,"127":0,"128":0,"129":0,"130":0},"f":{"0":0,"1":0,"2":0,"3":0,"4":0,"5":0,"6":0,"7":0,"8":0,"9":0,"10":0,"11":0,"12":0,"13":0,"14":0,"15":0,"16":0,"17":0,"18":0,"19":0,"20":0,"21":0,"22":0,"23":0,"24":0,"25":0,"26":0,"27":0,"28":0,"29":0,"30":0,"31":0,"32":0,"33":0,"34":0,"35":0,"36":0,"37":0},"b":{"0":[0],"1":[0,0],"2":[0,0],"3":[0,0],"4":[0],"5":[0,0],"6":[0,0],"7":[0,0],"8":[0,0],"9":[0,0],"10":[0,0],"11":[0,0,0],"12":[0,0],"13":[0,0,0,0,0,0],"14":[0,0],"15":[0,0],"16":[0],"17":[0,0],"18":[0],"19":[0,0],"20":[0,0],"21":[0,0],"22":[0,0],"23":[0,0],"24":[0,0],"25":[0,0],"26":[0,0],"27":[0,0],"28":[0,0],"29":[0,0]},"_coverageSchema":"1a1c01bbd47fc00a2c39e90264f33305004495a9","hash":"342b0eec116ab1cbfe99f7843889091b5ed2347f"}
,"/home/ubuntu/upload/apocalypse-academy-final/repositories/PaymentRepository.js": {"path":"/home/ubuntu/upload/apocalypse-academy-final/repositories/PaymentRepository.js","statementMap":{"0":{"start":{"line":9,"column":4},"end":{"line":101,"column":6}},"1":{"start":{"line":103,"column":4},"end":{"line":154,"column":6}},"2":{"start":{"line":156,"column":4},"end":{"line":183,"column":6}},"3":{"start":{"line":190,"column":4},"end":{"line":195,"column":5}},"4":{"start":{"line":191,"column":22},"end":{"line":191,"column":58}},"5":{"start":{"line":191,"column":46},"end":{"line":191,"column":57}},"6":{"start":{"line":192,"column":6},"end":{"line":192,"column":45}},"7":{"start":{"line":194,"column":6},"end":{"line":194,"column":75}},"8":{"start":{"line":202,"column":4},"end":{"line":228,"column":5}},"9":{"start":{"line":203,"column":25},"end":{"line":203,"column":71}},"10":{"start":{"line":203,"column":51},"end":{"line":203,"column":70}},"11":{"start":{"line":206,"column":6},"end":{"line":208,"column":7}},"12":{"start":{"line":207,"column":8},"end":{"line":207,"column":73}},"13":{"start":{"line":207,"column":48},"end":{"line":207,"column":71}},"14":{"start":{"line":211,"column":6},"end":{"line":213,"column":7}},"15":{"start":{"line":212,"column":8},"end":{"line":212,"column":77}},"16":{"start":{"line":212,"column":48},"end":{"line":212,"column":75}},"17":{"start":{"line":216,"column":6},"end":{"line":216,"column":81}},"18":{"start":{"line":216,"column":34},"end":{"line":216,"column":79}},"19":{"start":{"line":219,"column":6},"end":{"line":223,"column":7}},"20":{"start":{"line":220,"column":22},"end":{"line":220,"column":56}},"21":{"start":{"line":221,"column":20},"end":{"line":221,"column":41}},"22":{"start":{"line":222,"column":8},"end":{"line":222,"column":54}},"23":{"start":{"line":225,"column":6},"end":{"line":225,"column":59}},"24":{"start":{"line":225,"column":42},"end":{"line":225,"column":56}},"25":{"start":{"line":227,"column":6},"end":{"line":227,"column":80}},"26":{"start":{"line":235,"column":4},"end":{"line":247,"column":5}},"27":{"start":{"line":236,"column":28},"end":{"line":242,"column":7}},"28":{"start":{"line":237,"column":8},"end":{"line":241,"column":48}},"29":{"start":{"line":244,"column":6},"end":{"line":244,"column":57}},"30":{"start":{"line":246,"column":6},"end":{"line":246,"column":75}},"31":{"start":{"line":254,"column":4},"end":{"line":266,"column":5}},"32":{"start":{"line":255,"column":25},"end":{"line":260,"column":7}},"33":{"start":{"line":262,"column":6},"end":{"line":262,"column":37}},"34":{"start":{"line":263,"column":6},"end":{"line":263,"column":31}},"35":{"start":{"line":265,"column":6},"end":{"line":265,"column":67}},"36":{"start":{"line":273,"column":4},"end":{"line":293,"column":5}},"37":{"start":{"line":274,"column":27},"end":{"line":274,"column":68}},"38":{"start":{"line":274,"column":56},"end":{"line":274,"column":67}},"39":{"start":{"line":275,"column":6},"end":{"line":277,"column":7}},"40":{"start":{"line":276,"column":8},"end":{"line":276,"column":52}},"41":{"start":{"line":279,"column":29},"end":{"line":287,"column":7}},"42":{"start":{"line":289,"column":6},"end":{"line":289,"column":51}},"43":{"start":{"line":290,"column":6},"end":{"line":290,"column":35}},"44":{"start":{"line":292,"column":6},"end":{"line":292,"column":81}},"45":{"start":{"line":300,"column":4},"end":{"line":306,"column":5}},"46":{"start":{"line":301,"column":6},"end":{"line":303,"column":36}},"47":{"start":{"line":302,"column":24},"end":{"line":302,"column":37}},"48":{"start":{"line":303,"column":22},"end":{"line":303,"column":33}},"49":{"start":{"line":305,"column":6},"end":{"line":305,"column":65}},"50":{"start":{"line":313,"column":4},"end":{"line":318,"column":5}},"51":{"start":{"line":314,"column":19},"end":{"line":314,"column":68}},"52":{"start":{"line":314,"column":52},"end":{"line":314,"column":67}},"53":{"start":{"line":315,"column":6},"end":{"line":315,"column":39}},"54":{"start":{"line":317,"column":6},"end":{"line":317,"column":64}},"55":{"start":{"line":325,"column":4},"end":{"line":357,"column":5}},"56":{"start":{"line":326,"column":21},"end":{"line":328,"column":7}},"57":{"start":{"line":327,"column":8},"end":{"line":327,"column":65}},"58":{"start":{"line":330,"column":6},"end":{"line":332,"column":7}},"59":{"start":{"line":331,"column":8},"end":{"line":331,"column":65}},"60":{"start":{"line":335,"column":18},"end":{"line":335,"column":28}},"61":{"start":{"line":336,"column":6},"end":{"line":338,"column":7}},"62":{"start":{"line":337,"column":8},"end":{"line":337,"column":59}},"63":{"start":{"line":341,"column":6},"end":{"line":343,"column":7}},"64":{"start":{"line":342,"column":8},"end":{"line":342,"column":59}},"65":{"start":{"line":346,"column":6},"end":{"line":348,"column":7}},"66":{"start":{"line":347,"column":8},"end":{"line":347,"column":77}},"67":{"start":{"line":350,"column":6},"end":{"line":354,"column":8}},"68":{"start":{"line":356,"column":6},"end":{"line":356,"column":65}},"69":{"start":{"line":364,"column":4},"end":{"line":377,"column":5}},"70":{"start":{"line":365,"column":26},"end":{"line":367,"column":7}},"71":{"start":{"line":366,"column":8},"end":{"line":366,"column":51}},"72":{"start":{"line":369,"column":6},"end":{"line":371,"column":7}},"73":{"start":{"line":370,"column":8},"end":{"line":370,"column":48}},"74":{"start":{"line":373,"column":6},"end":{"line":373,"column":48}},"75":{"start":{"line":374,"column":6},"end":{"line":374,"column":46}},"76":{"start":{"line":376,"column":6},"end":{"line":376,"column":65}},"77":{"start":{"line":384,"column":4},"end":{"line":419,"column":5}},"78":{"start":{"line":385,"column":19},"end":{"line":385,"column":50}},"79":{"start":{"line":386,"column":6},"end":{"line":388,"column":7}},"80":{"start":{"line":387,"column":8},"end":{"line":387,"column":48}},"81":{"start":{"line":390,"column":23},"end":{"line":390,"column":33}},"82":{"start":{"line":391,"column":21},"end":{"line":391,"column":22}},"83":{"start":{"line":392,"column":26},"end":{"line":392,"column":30}},"84":{"start":{"line":394,"column":6},"end":{"line":408,"column":7}},"85":{"start":{"line":395,"column":33},"end":{"line":395,"column":78}},"86":{"start":{"line":396,"column":8},"end":{"line":407,"column":9}},"87":{"start":{"line":397,"column":25},"end":{"line":397,"column":48}},"88":{"start":{"line":399,"column":10},"end":{"line":403,"column":11}},"89":{"start":{"line":400,"column":12},"end":{"line":400,"column":57}},"90":{"start":{"line":401,"column":17},"end":{"line":403,"column":11}},"91":{"start":{"line":402,"column":12},"end":{"line":402,"column":58}},"92":{"start":{"line":405,"column":10},"end":{"line":405,"column":45}},"93":{"start":{"line":406,"column":10},"end":{"line":406,"column":33}},"94":{"start":{"line":410,"column":6},"end":{"line":416,"column":8}},"95":{"start":{"line":418,"column":6},"end":{"line":418,"column":66}},"96":{"start":{"line":426,"column":4},"end":{"line":461,"column":5}},"97":{"start":{"line":427,"column":21},"end":{"line":427,"column":39}},"98":{"start":{"line":430,"column":6},"end":{"line":432,"column":7}},"99":{"start":{"line":431,"column":8},"end":{"line":431,"column":94}},"100":{"start":{"line":431,"column":40},"end":{"line":431,"column":92}},"101":{"start":{"line":433,"column":6},"end":{"line":435,"column":7}},"102":{"start":{"line":434,"column":8},"end":{"line":434,"column":92}},"103":{"start":{"line":434,"column":40},"end":{"line":434,"column":90}},"104":{"start":{"line":437,"column":27},"end":{"line":439,"column":46}},"105":{"start":{"line":438,"column":21},"end":{"line":438,"column":45}},"106":{"start":{"line":439,"column":28},"end":{"line":439,"column":42}},"107":{"start":{"line":441,"column":32},"end":{"line":441,"column":47}},"108":{"start":{"line":442,"column":36},"end":{"line":442,"column":89}},"109":{"start":{"line":442,"column":57},"end":{"line":442,"column":81}},"110":{"start":{"line":443,"column":33},"end":{"line":443,"column":83}},"111":{"start":{"line":443,"column":54},"end":{"line":443,"column":75}},"112":{"start":{"line":444,"column":34},"end":{"line":444,"column":85}},"113":{"start":{"line":444,"column":55},"end":{"line":444,"column":77}},"114":{"start":{"line":446,"column":28},"end":{"line":446,"column":103}},"115":{"start":{"line":446,"column":49},"end":{"line":446,"column":102}},"116":{"start":{"line":447,"column":24},"end":{"line":447,"column":95}},"117":{"start":{"line":447,"column":45},"end":{"line":447,"column":94}},"118":{"start":{"line":449,"column":6},"end":{"line":458,"column":8}},"119":{"start":{"line":455,"column":62},"end":{"line":455,"column":76}},"120":{"start":{"line":456,"column":54},"end":{"line":456,"column":68}},"121":{"start":{"line":460,"column":6},"end":{"line":460,"column":71}},"122":{"start":{"line":468,"column":4},"end":{"line":495,"column":5}},"123":{"start":{"line":469,"column":24},"end":{"line":469,"column":42}},"124":{"start":{"line":472,"column":6},"end":{"line":474,"column":7}},"125":{"start":{"line":473,"column":8},"end":{"line":473,"column":75}},"126":{"start":{"line":473,"column":46},"end":{"line":473,"column":73}},"127":{"start":{"line":475,"column":6},"end":{"line":477,"column":7}},"128":{"start":{"line":476,"column":8},"end":{"line":476,"column":71}},"129":{"start":{"line":476,"column":46},"end":{"line":476,"column":69}},"130":{"start":{"line":478,"column":6},"end":{"line":480,"column":7}},"131":{"start":{"line":479,"column":8},"end":{"line":479,"column":75}},"132":{"start":{"line":479,"column":46},"end":{"line":479,"column":73}},"133":{"start":{"line":483,"column":6},"end":{"line":483,"column":80}},"134":{"start":{"line":483,"column":33},"end":{"line":483,"column":78}},"135":{"start":{"line":486,"column":6},"end":{"line":490,"column":7}},"136":{"start":{"line":487,"column":22},"end":{"line":487,"column":56}},"137":{"start":{"line":488,"column":20},"end":{"line":488,"column":41}},"138":{"start":{"line":489,"column":8},"end":{"line":489,"column":52}},"139":{"start":{"line":492,"column":6},"end":{"line":492,"column":58}},"140":{"start":{"line":492,"column":41},"end":{"line":492,"column":55}},"141":{"start":{"line":494,"column":6},"end":{"line":494,"column":69}}},"fnMap":{"0":{"name":"(anonymous_0)","decl":{"start":{"line":7,"column":2},"end":{"line":7,"column":3}},"loc":{"start":{"line":7,"column":33},"end":{"line":184,"column":3}},"line":7},"1":{"name":"(anonymous_1)","decl":{"start":{"line":189,"column":2},"end":{"line":189,"column":3}},"loc":{"start":{"line":189,"column":21},"end":{"line":196,"column":3}},"line":189},"2":{"name":"(anonymous_2)","decl":{"start":{"line":191,"column":41},"end":{"line":191,"column":42}},"loc":{"start":{"line":191,"column":46},"end":{"line":191,"column":57}},"line":191},"3":{"name":"(anonymous_3)","decl":{"start":{"line":201,"column":2},"end":{"line":201,"column":3}},"loc":{"start":{"line":201,"column":43},"end":{"line":229,"column":3}},"line":201},"4":{"name":"(anonymous_4)","decl":{"start":{"line":203,"column":46},"end":{"line":203,"column":47}},"loc":{"start":{"line":203,"column":51},"end":{"line":203,"column":70}},"line":203},"5":{"name":"(anonymous_5)","decl":{"start":{"line":207,"column":43},"end":{"line":207,"column":44}},"loc":{"start":{"line":207,"column":48},"end":{"line":207,"column":71}},"line":207},"6":{"name":"(anonymous_6)","decl":{"start":{"line":212,"column":43},"end":{"line":212,"column":44}},"loc":{"start":{"line":212,"column":48},"end":{"line":212,"column":75}},"line":212},"7":{"name":"(anonymous_7)","decl":{"start":{"line":216,"column":24},"end":{"line":216,"column":25}},"loc":{"start":{"line":216,"column":34},"end":{"line":216,"column":79}},"line":216},"8":{"name":"(anonymous_8)","decl":{"start":{"line":225,"column":30},"end":{"line":225,"column":31}},"loc":{"start":{"line":225,"column":42},"end":{"line":225,"column":56}},"line":225},"9":{"name":"(anonymous_9)","decl":{"start":{"line":234,"column":2},"end":{"line":234,"column":3}},"loc":{"start":{"line":234,"column":39},"end":{"line":248,"column":3}},"line":234},"10":{"name":"(anonymous_10)","decl":{"start":{"line":236,"column":47},"end":{"line":236,"column":48}},"loc":{"start":{"line":237,"column":8},"end":{"line":241,"column":48}},"line":237},"11":{"name":"(anonymous_11)","decl":{"start":{"line":253,"column":2},"end":{"line":253,"column":3}},"loc":{"start":{"line":253,"column":28},"end":{"line":267,"column":3}},"line":253},"12":{"name":"(anonymous_12)","decl":{"start":{"line":272,"column":2},"end":{"line":272,"column":3}},"loc":{"start":{"line":272,"column":48},"end":{"line":294,"column":3}},"line":272},"13":{"name":"(anonymous_13)","decl":{"start":{"line":274,"column":51},"end":{"line":274,"column":52}},"loc":{"start":{"line":274,"column":56},"end":{"line":274,"column":67}},"line":274},"14":{"name":"(anonymous_14)","decl":{"start":{"line":299,"column":2},"end":{"line":299,"column":3}},"loc":{"start":{"line":299,"column":31},"end":{"line":307,"column":3}},"line":299},"15":{"name":"(anonymous_15)","decl":{"start":{"line":302,"column":16},"end":{"line":302,"column":17}},"loc":{"start":{"line":302,"column":24},"end":{"line":302,"column":37}},"line":302},"16":{"name":"(anonymous_16)","decl":{"start":{"line":303,"column":13},"end":{"line":303,"column":14}},"loc":{"start":{"line":303,"column":22},"end":{"line":303,"column":33}},"line":303},"17":{"name":"(anonymous_17)","decl":{"start":{"line":312,"column":2},"end":{"line":312,"column":3}},"loc":{"start":{"line":312,"column":29},"end":{"line":319,"column":3}},"line":312},"18":{"name":"(anonymous_18)","decl":{"start":{"line":314,"column":47},"end":{"line":314,"column":48}},"loc":{"start":{"line":314,"column":52},"end":{"line":314,"column":67}},"line":314},"19":{"name":"(anonymous_19)","decl":{"start":{"line":324,"column":2},"end":{"line":324,"column":3}},"loc":{"start":{"line":324,"column":44},"end":{"line":358,"column":3}},"line":324},"20":{"name":"(anonymous_20)","decl":{"start":{"line":326,"column":39},"end":{"line":326,"column":40}},"loc":{"start":{"line":327,"column":8},"end":{"line":327,"column":65}},"line":327},"21":{"name":"(anonymous_21)","decl":{"start":{"line":363,"column":2},"end":{"line":363,"column":3}},"loc":{"start":{"line":363,"column":26},"end":{"line":378,"column":3}},"line":363},"22":{"name":"(anonymous_22)","decl":{"start":{"line":365,"column":49},"end":{"line":365,"column":50}},"loc":{"start":{"line":366,"column":8},"end":{"line":366,"column":51}},"line":366},"23":{"name":"(anonymous_23)","decl":{"start":{"line":383,"column":2},"end":{"line":383,"column":3}},"loc":{"start":{"line":383,"column":50},"end":{"line":420,"column":3}},"line":383},"24":{"name":"(anonymous_24)","decl":{"start":{"line":425,"column":2},"end":{"line":425,"column":3}},"loc":{"start":{"line":425,"column":38},"end":{"line":462,"column":3}},"line":425},"25":{"name":"(anonymous_25)","decl":{"start":{"line":431,"column":35},"end":{"line":431,"column":36}},"loc":{"start":{"line":431,"column":40},"end":{"line":431,"column":92}},"line":431},"26":{"name":"(anonymous_26)","decl":{"start":{"line":434,"column":35},"end":{"line":434,"column":36}},"loc":{"start":{"line":434,"column":40},"end":{"line":434,"column":90}},"line":434},"27":{"name":"(anonymous_27)","decl":{"start":{"line":438,"column":16},"end":{"line":438,"column":17}},"loc":{"start":{"line":438,"column":21},"end":{"line":438,"column":45}},"line":438},"28":{"name":"(anonymous_28)","decl":{"start":{"line":439,"column":16},"end":{"line":439,"column":17}},"loc":{"start":{"line":439,"column":28},"end":{"line":439,"column":42}},"line":439},"29":{"name":"(anonymous_29)","decl":{"start":{"line":442,"column":52},"end":{"line":442,"column":53}},"loc":{"start":{"line":442,"column":57},"end":{"line":442,"column":81}},"line":442},"30":{"name":"(anonymous_30)","decl":{"start":{"line":443,"column":49},"end":{"line":443,"column":50}},"loc":{"start":{"line":443,"column":54},"end":{"line":443,"column":75}},"line":443},"31":{"name":"(anonymous_31)","decl":{"start":{"line":444,"column":50},"end":{"line":444,"column":51}},"loc":{"start":{"line":444,"column":55},"end":{"line":444,"column":77}},"line":444},"32":{"name":"(anonymous_32)","decl":{"start":{"line":446,"column":44},"end":{"line":446,"column":45}},"loc":{"start":{"line":446,"column":49},"end":{"line":446,"column":102}},"line":446},"33":{"name":"(anonymous_33)","decl":{"start":{"line":447,"column":40},"end":{"line":447,"column":41}},"loc":{"start":{"line":447,"column":45},"end":{"line":447,"column":94}},"line":447},"34":{"name":"(anonymous_34)","decl":{"start":{"line":455,"column":50},"end":{"line":455,"column":51}},"loc":{"start":{"line":455,"column":62},"end":{"line":455,"column":76}},"line":455},"35":{"name":"(anonymous_35)","decl":{"start":{"line":456,"column":42},"end":{"line":456,"column":43}},"loc":{"start":{"line":456,"column":54},"end":{"line":456,"column":68}},"line":456},"36":{"name":"(anonymous_36)","decl":{"start":{"line":467,"column":2},"end":{"line":467,"column":3}},"loc":{"start":{"line":467,"column":30},"end":{"line":496,"column":3}},"line":467},"37":{"name":"(anonymous_37)","decl":{"start":{"line":473,"column":41},"end":{"line":473,"column":42}},"loc":{"start":{"line":473,"column":46},"end":{"line":473,"column":73}},"line":473},"38":{"name":"(anonymous_38)","decl":{"start":{"line":476,"column":41},"end":{"line":476,"column":42}},"loc":{"start":{"line":476,"column":46},"end":{"line":476,"column":69}},"line":476},"39":{"name":"(anonymous_39)","decl":{"start":{"line":479,"column":41},"end":{"line":479,"column":42}},"loc":{"start":{"line":479,"column":46},"end":{"line":479,"column":73}},"line":479},"40":{"name":"(anonymous_40)","decl":{"start":{"line":483,"column":23},"end":{"line":483,"column":24}},"loc":{"start":{"line":483,"column":33},"end":{"line":483,"column":78}},"line":483},"41":{"name":"(anonymous_41)","decl":{"start":{"line":492,"column":29},"end":{"line":492,"column":30}},"loc":{"start":{"line":492,"column":41},"end":{"line":492,"column":55}},"line":492}},"branchMap":{"0":{"loc":{"start":{"line":7,"column":14},"end":{"line":7,"column":31}},"type":"default-arg","locations":[{"start":{"line":7,"column":27},"end":{"line":7,"column":31}}],"line":7},"1":{"loc":{"start":{"line":9,"column":20},"end":{"line":101,"column":5}},"type":"binary-expr","locations":[{"start":{"line":9,"column":20},"end":{"line":9,"column":30}},{"start":{"line":9,"column":34},"end":{"line":101,"column":5}}],"line":9},"2":{"loc":{"start":{"line":192,"column":13},"end":{"line":192,"column":44}},"type":"cond-expr","locations":[{"start":{"line":192,"column":23},"end":{"line":192,"column":37}},{"start":{"line":192,"column":40},"end":{"line":192,"column":44}}],"line":192},"3":{"loc":{"start":{"line":201,"column":29},"end":{"line":201,"column":41}},"type":"default-arg","locations":[{"start":{"line":201,"column":39},"end":{"line":201,"column":41}}],"line":201},"4":{"loc":{"start":{"line":206,"column":6},"end":{"line":208,"column":7}},"type":"if","locations":[{"start":{"line":206,"column":6},"end":{"line":208,"column":7}},{"start":{},"end":{}}],"line":206},"5":{"loc":{"start":{"line":211,"column":6},"end":{"line":213,"column":7}},"type":"if","locations":[{"start":{"line":211,"column":6},"end":{"line":213,"column":7}},{"start":{},"end":{}}],"line":211},"6":{"loc":{"start":{"line":219,"column":6},"end":{"line":223,"column":7}},"type":"if","locations":[{"start":{"line":219,"column":6},"end":{"line":223,"column":7}},{"start":{},"end":{}}],"line":219},"7":{"loc":{"start":{"line":219,"column":10},"end":{"line":219,"column":39}},"type":"binary-expr","locations":[{"start":{"line":219,"column":10},"end":{"line":219,"column":22}},{"start":{"line":219,"column":26},"end":{"line":219,"column":39}}],"line":219},"8":{"loc":{"start":{"line":237,"column":8},"end":{"line":241,"column":48}},"type":"binary-expr","locations":[{"start":{"line":237,"column":8},"end":{"line":237,"column":27}},{"start":{"line":238,"column":8},"end":{"line":238,"column":33}},{"start":{"line":239,"column":8},"end":{"line":239,"column":32}},{"start":{"line":240,"column":8},"end":{"line":240,"column":25}},{"start":{"line":241,"column":8},"end":{"line":241,"column":48}}],"line":237},"9":{"loc":{"start":{"line":244,"column":13},"end":{"line":244,"column":56}},"type":"cond-expr","locations":[{"start":{"line":244,"column":29},"end":{"line":244,"column":49}},{"start":{"line":244,"column":52},"end":{"line":244,"column":56}}],"line":244},"10":{"loc":{"start":{"line":259,"column":21},"end":{"line":259,"column":75}},"type":"cond-expr","locations":[{"start":{"line":259,"column":58},"end":{"line":259,"column":68}},{"start":{"line":259,"column":71},"end":{"line":259,"column":75}}],"line":259},"11":{"loc":{"start":{"line":272,"column":33},"end":{"line":272,"column":46}},"type":"default-arg","locations":[{"start":{"line":272,"column":44},"end":{"line":272,"column":46}}],"line":272},"12":{"loc":{"start":{"line":275,"column":6},"end":{"line":277,"column":7}},"type":"if","locations":[{"start":{"line":275,"column":6},"end":{"line":277,"column":7}},{"start":{},"end":{}}],"line":275},"13":{"loc":{"start":{"line":282,"column":21},"end":{"line":282,"column":98}},"type":"cond-expr","locations":[{"start":{"line":282,"column":46},"end":{"line":282,"column":56}},{"start":{"line":282,"column":59},"end":{"line":282,"column":98}}],"line":282},"14":{"loc":{"start":{"line":315,"column":13},"end":{"line":315,"column":38}},"type":"cond-expr","locations":[{"start":{"line":315,"column":20},"end":{"line":315,"column":31}},{"start":{"line":315,"column":34},"end":{"line":315,"column":38}}],"line":315},"15":{"loc":{"start":{"line":324,"column":29},"end":{"line":324,"column":42}},"type":"default-arg","locations":[{"start":{"line":324,"column":38},"end":{"line":324,"column":42}}],"line":324},"16":{"loc":{"start":{"line":327,"column":8},"end":{"line":327,"column":65}},"type":"binary-expr","locations":[{"start":{"line":327,"column":8},"end":{"line":327,"column":51}},{"start":{"line":327,"column":55},"end":{"line":327,"column":65}}],"line":327},"17":{"loc":{"start":{"line":330,"column":6},"end":{"line":332,"column":7}},"type":"if","locations":[{"start":{"line":330,"column":6},"end":{"line":332,"column":7}},{"start":{},"end":{}}],"line":330},"18":{"loc":{"start":{"line":336,"column":6},"end":{"line":338,"column":7}},"type":"if","locations":[{"start":{"line":336,"column":6},"end":{"line":338,"column":7}},{"start":{},"end":{}}],"line":336},"19":{"loc":{"start":{"line":336,"column":10},"end":{"line":336,"column":79}},"type":"binary-expr","locations":[{"start":{"line":336,"column":10},"end":{"line":336,"column":42}},{"start":{"line":336,"column":46},"end":{"line":336,"column":79}}],"line":336},"20":{"loc":{"start":{"line":341,"column":6},"end":{"line":343,"column":7}},"type":"if","locations":[{"start":{"line":341,"column":6},"end":{"line":343,"column":7}},{"start":{},"end":{}}],"line":341},"21":{"loc":{"start":{"line":346,"column":6},"end":{"line":348,"column":7}},"type":"if","locations":[{"start":{"line":346,"column":6},"end":{"line":348,"column":7}},{"start":{},"end":{}}],"line":346},"22":{"loc":{"start":{"line":346,"column":10},"end":{"line":346,"column":60}},"type":"binary-expr","locations":[{"start":{"line":346,"column":10},"end":{"line":346,"column":16}},{"start":{"line":346,"column":20},"end":{"line":346,"column":60}}],"line":346},"23":{"loc":{"start":{"line":369,"column":6},"end":{"line":371,"column":7}},"type":"if","locations":[{"start":{"line":369,"column":6},"end":{"line":371,"column":7}},{"start":{},"end":{}}],"line":369},"24":{"loc":{"start":{"line":383,"column":31},"end":{"line":383,"column":48}},"type":"default-arg","locations":[{"start":{"line":383,"column":44},"end":{"line":383,"column":48}}],"line":383},"25":{"loc":{"start":{"line":386,"column":6},"end":{"line":388,"column":7}},"type":"if","locations":[{"start":{"line":386,"column":6},"end":{"line":388,"column":7}},{"start":{},"end":{}}],"line":386},"26":{"loc":{"start":{"line":394,"column":6},"end":{"line":408,"column":7}},"type":"if","locations":[{"start":{"line":394,"column":6},"end":{"line":408,"column":7}},{"start":{},"end":{}}],"line":394},"27":{"loc":{"start":{"line":396,"column":8},"end":{"line":407,"column":9}},"type":"if","locations":[{"start":{"line":396,"column":8},"end":{"line":407,"column":9}},{"start":{},"end":{}}],"line":396},"28":{"loc":{"start":{"line":399,"column":10},"end":{"line":403,"column":11}},"type":"if","locations":[{"start":{"line":399,"column":10},"end":{"line":403,"column":11}},{"start":{"line":401,"column":17},"end":{"line":403,"column":11}}],"line":399},"29":{"loc":{"start":{"line":401,"column":17},"end":{"line":403,"column":11}},"type":"if","locations":[{"start":{"line":401,"column":17},"end":{"line":403,"column":11}},{"start":{},"end":{}}],"line":401},"30":{"loc":{"start":{"line":425,"column":24},"end":{"line":425,"column":36}},"type":"default-arg","locations":[{"start":{"line":425,"column":34},"end":{"line":425,"column":36}}],"line":425},"31":{"loc":{"start":{"line":430,"column":6},"end":{"line":432,"column":7}},"type":"if","locations":[{"start":{"line":430,"column":6},"end":{"line":432,"column":7}},{"start":{},"end":{}}],"line":430},"32":{"loc":{"start":{"line":433,"column":6},"end":{"line":435,"column":7}},"type":"if","locations":[{"start":{"line":433,"column":6},"end":{"line":435,"column":7}},{"start":{},"end":{}}],"line":433},"33":{"loc":{"start":{"line":446,"column":49},"end":{"line":446,"column":102}},"type":"binary-expr","locations":[{"start":{"line":446,"column":49},"end":{"line":446,"column":74}},{"start":{"line":446,"column":78},"end":{"line":446,"column":102}}],"line":446},"34":{"loc":{"start":{"line":447,"column":45},"end":{"line":447,"column":94}},"type":"binary-expr","locations":[{"start":{"line":447,"column":45},"end":{"line":447,"column":66}},{"start":{"line":447,"column":70},"end":{"line":447,"column":94}}],"line":447},"35":{"loc":{"start":{"line":457,"column":33},"end":{"line":457,"column":74}},"type":"binary-expr","locations":[{"start":{"line":457,"column":33},"end":{"line":457,"column":69}},{"start":{"line":457,"column":73},"end":{"line":457,"column":74}}],"line":457},"36":{"loc":{"start":{"line":467,"column":16},"end":{"line":467,"column":28}},"type":"default-arg","locations":[{"start":{"line":467,"column":26},"end":{"line":467,"column":28}}],"line":467},"37":{"loc":{"start":{"line":472,"column":6},"end":{"line":474,"column":7}},"type":"if","locations":[{"start":{"line":472,"column":6},"end":{"line":474,"column":7}},{"start":{},"end":{}}],"line":472},"38":{"loc":{"start":{"line":475,"column":6},"end":{"line":477,"column":7}},"type":"if","locations":[{"start":{"line":475,"column":6},"end":{"line":477,"column":7}},{"start":{},"end":{}}],"line":475},"39":{"loc":{"start":{"line":478,"column":6},"end":{"line":480,"column":7}},"type":"if","locations":[{"start":{"line":478,"column":6},"end":{"line":480,"column":7}},{"start":{},"end":{}}],"line":478},"40":{"loc":{"start":{"line":486,"column":6},"end":{"line":490,"column":7}},"type":"if","locations":[{"start":{"line":486,"column":6},"end":{"line":490,"column":7}},{"start":{},"end":{}}],"line":486},"41":{"loc":{"start":{"line":486,"column":10},"end":{"line":486,"column":39}},"type":"binary-expr","locations":[{"start":{"line":486,"column":10},"end":{"line":486,"column":22}},{"start":{"line":486,"column":26},"end":{"line":486,"column":39}}],"line":486}},"s":{"0":0,"1":0,"2":0,"3":0,"4":0,"5":0,"6":0,"7":0,"8":0,"9":0,"10":0,"11":0,"12":0,"13":0,"14":0,"15":0,"16":0,"17":0,"18":0,"19":0,"20":0,"21":0,"22":0,"23":0,"24":0,"25":0,"26":0,"27":0,"28":0,"29":0,"30":0,"31":0,"32":0,"33":0,"34":0,"35":0,"36":0,"37":0,"38":0,"39":0,"40":0,"41":0,"42":0,"43":0,"44":0,"45":0,"46":0,"47":0,"48":0,"49":0,"50":0,"51":0,"52":0,"53":0,"54":0,"55":0,"56":0,"57":0,"58":0,"59":0,"60":0,"61":0,"62":0,"63":0,"64":0,"65":0,"66":0,"67":0,"68":0,"69":0,"70":0,"71":0,"72":0,"73":0,"74":0,"75":0,"76":0,"77":0,"78":0,"79":0,"80":0,"81":0,"82":0,"83":0,"84":0,"85":0,"86":0,"87":0,"88":0,"89":0,"90":0,"91":0,"92":0,"93":0,"94":0,"95":0,"96":0,"97":0,"98":0,"99":0,"100":0,"101":0,"102":0,"103":0,"104":0,"105":0,"106":0,"107":0,"108":0,"109":0,"110":0,"111":0,"112":0,"113":0,"114":0,"115":0,"116":0,"117":0,"118":0,"119":0,"120":0,"121":0,"122":0,"123":0,"124":0,"125":0,"126":0,"127":0,"128":0,"129":0,"130":0,"131":0,"132":0,"133":0,"134":0,"135":0,"136":0,"137":0,"138":0,"139":0,"140":0,"141":0},"f":{"0":0,"1":0,"2":0,"3":0,"4":0,"5":0,"6":0,"7":0,"8":0,"9":0,"10":0,"11":0,"12":0,"13":0,"14":0,"15":0,"16":0,"17":0,"18":0,"19":0,"20":0,"21":0,"22":0,"23":0,"24":0,"25":0,"26":0,"27":0,"28":0,"29":0,"30":0,"31":0,"32":0,"33":0,"34":0,"35":0,"36":0,"37":0,"38":0,"39":0,"40":0,"41":0},"b":{"0":[0],"1":[0,0],"2":[0,0],"3":[0],"4":[0,0],"5":[0,0],"6":[0,0],"7":[0,0],"8":[0,0,0,0,0],"9":[0,0],"10":[0,0],"11":[0],"12":[0,0],"13":[0,0],"14":[0,0],"15":[0],"16":[0,0],"17":[0,0],"18":[0,0],"19":[0,0],"20":[0,0],"21":[0,0],"22":[0,0],"23":[0,0],"24":[0],"25":[0,0],"26":[0,0],"27":[0,0],"28":[0,0],"29":[0,0],"30":[0],"31":[0,0],"32":[0,0],"33":[0,0],"34":[0,0],"35":[0,0],"36":[0],"37":[0,0],"38":[0,0],"39":[0,0],"40":[0,0],"41":[0,0]}}
,"/home/ubuntu/upload/apocalypse-academy-final/repositories/UserRepository.js": {"path":"/home/ubuntu/upload/apocalypse-academy-final/repositories/UserRepository.js","statementMap":{"0":{"start":{"line":9,"column":4},"end":{"line":94,"column":6}},"1":{"start":{"line":101,"column":4},"end":{"line":106,"column":5}},"2":{"start":{"line":102,"column":19},"end":{"line":102,"column":52}},"3":{"start":{"line":102,"column":40},"end":{"line":102,"column":51}},"4":{"start":{"line":103,"column":6},"end":{"line":103,"column":39}},"5":{"start":{"line":105,"column":6},"end":{"line":105,"column":73}},"6":{"start":{"line":113,"column":4},"end":{"line":118,"column":5}},"7":{"start":{"line":114,"column":19},"end":{"line":114,"column":86}},"8":{"start":{"line":114,"column":40},"end":{"line":114,"column":85}},"9":{"start":{"line":115,"column":6},"end":{"line":115,"column":39}},"10":{"start":{"line":117,"column":6},"end":{"line":117,"column":76}},"11":{"start":{"line":125,"column":4},"end":{"line":136,"column":5}},"12":{"start":{"line":126,"column":19},"end":{"line":126,"column":48}},"13":{"start":{"line":127,"column":6},"end":{"line":129,"column":7}},"14":{"start":{"line":128,"column":8},"end":{"line":128,"column":20}},"15":{"start":{"line":132,"column":30},"end":{"line":132,"column":56}},"16":{"start":{"line":133,"column":6},"end":{"line":133,"column":50}},"17":{"start":{"line":135,"column":6},"end":{"line":135,"column":71}},"18":{"start":{"line":143,"column":4},"end":{"line":183,"column":5}},"19":{"start":{"line":145,"column":27},"end":{"line":145,"column":65}},"20":{"start":{"line":146,"column":6},"end":{"line":148,"column":7}},"21":{"start":{"line":147,"column":8},"end":{"line":147,"column":48}},"22":{"start":{"line":150,"column":22},"end":{"line":177,"column":7}},"23":{"start":{"line":179,"column":6},"end":{"line":179,"column":31}},"24":{"start":{"line":180,"column":6},"end":{"line":180,"column":28}},"25":{"start":{"line":182,"column":6},"end":{"line":182,"column":65}},"26":{"start":{"line":190,"column":4},"end":{"line":219,"column":5}},"27":{"start":{"line":191,"column":24},"end":{"line":191,"column":62}},"28":{"start":{"line":191,"column":50},"end":{"line":191,"column":61}},"29":{"start":{"line":192,"column":6},"end":{"line":194,"column":7}},"30":{"start":{"line":193,"column":8},"end":{"line":193,"column":50}},"31":{"start":{"line":197,"column":26},"end":{"line":197,"column":47}},"32":{"start":{"line":198,"column":26},"end":{"line":213,"column":7}},"33":{"start":{"line":215,"column":6},"end":{"line":215,"column":42}},"34":{"start":{"line":216,"column":6},"end":{"line":216,"column":32}},"35":{"start":{"line":218,"column":6},"end":{"line":218,"column":69}},"36":{"start":{"line":226,"column":4},"end":{"line":234,"column":5}},"37":{"start":{"line":227,"column":6},"end":{"line":231,"column":9}},"38":{"start":{"line":233,"column":6},"end":{"line":233,"column":74}},"39":{"start":{"line":241,"column":4},"end":{"line":255,"column":5}},"40":{"start":{"line":242,"column":19},"end":{"line":242,"column":42}},"41":{"start":{"line":243,"column":6},"end":{"line":245,"column":7}},"42":{"start":{"line":244,"column":8},"end":{"line":244,"column":50}},"43":{"start":{"line":247,"column":26},"end":{"line":250,"column":7}},"44":{"start":{"line":252,"column":6},"end":{"line":252,"column":62}},"45":{"start":{"line":254,"column":6},"end":{"line":254,"column":71}},"46":{"start":{"line":262,"column":4},"end":{"line":285,"column":5}},"47":{"start":{"line":263,"column":26},"end":{"line":263,"column":41}},"48":{"start":{"line":266,"column":6},"end":{"line":268,"column":7}},"49":{"start":{"line":267,"column":8},"end":{"line":267,"column":75}},"50":{"start":{"line":267,"column":50},"end":{"line":267,"column":73}},"51":{"start":{"line":271,"column":6},"end":{"line":273,"column":7}},"52":{"start":{"line":272,"column":8},"end":{"line":272,"column":104}},"53":{"start":{"line":272,"column":50},"end":{"line":272,"column":102}},"54":{"start":{"line":276,"column":6},"end":{"line":280,"column":7}},"55":{"start":{"line":277,"column":22},"end":{"line":277,"column":56}},"56":{"start":{"line":278,"column":20},"end":{"line":278,"column":41}},"57":{"start":{"line":279,"column":8},"end":{"line":279,"column":56}},"58":{"start":{"line":282,"column":6},"end":{"line":282,"column":54}},"59":{"start":{"line":282,"column":40},"end":{"line":282,"column":51}},"60":{"start":{"line":284,"column":6},"end":{"line":284,"column":67}},"61":{"start":{"line":292,"column":4},"end":{"line":302,"column":5}},"62":{"start":{"line":293,"column":24},"end":{"line":293,"column":62}},"63":{"start":{"line":293,"column":50},"end":{"line":293,"column":61}},"64":{"start":{"line":294,"column":6},"end":{"line":296,"column":7}},"65":{"start":{"line":295,"column":8},"end":{"line":295,"column":50}},"66":{"start":{"line":298,"column":26},"end":{"line":298,"column":60}},"67":{"start":{"line":299,"column":6},"end":{"line":299,"column":32}},"68":{"start":{"line":301,"column":6},"end":{"line":301,"column":67}},"69":{"start":{"line":309,"column":4},"end":{"line":325,"column":5}},"70":{"start":{"line":310,"column":19},"end":{"line":310,"column":42}},"71":{"start":{"line":311,"column":6},"end":{"line":313,"column":7}},"72":{"start":{"line":312,"column":8},"end":{"line":312,"column":21}},"73":{"start":{"line":316,"column":26},"end":{"line":320,"column":7}},"74":{"start":{"line":322,"column":6},"end":{"line":322,"column":67}},"75":{"start":{"line":324,"column":6},"end":{"line":324,"column":71}},"76":{"start":{"line":332,"column":4},"end":{"line":344,"column":5}},"77":{"start":{"line":333,"column":19},"end":{"line":333,"column":42}},"78":{"start":{"line":334,"column":6},"end":{"line":336,"column":7}},"79":{"start":{"line":335,"column":8},"end":{"line":335,"column":21}},"80":{"start":{"line":338,"column":36},"end":{"line":338,"column":53}},"81":{"start":{"line":339,"column":18},"end":{"line":339,"column":28}},"82":{"start":{"line":341,"column":6},"end":{"line":341,"column":62}},"83":{"start":{"line":343,"column":6},"end":{"line":343,"column":72}}},"fnMap":{"0":{"name":"(anonymous_0)","decl":{"start":{"line":7,"column":2},"end":{"line":7,"column":3}},"loc":{"start":{"line":7,"column":33},"end":{"line":95,"column":3}},"line":7},"1":{"name":"(anonymous_1)","decl":{"start":{"line":100,"column":2},"end":{"line":100,"column":3}},"loc":{"start":{"line":100,"column":21},"end":{"line":107,"column":3}},"line":100},"2":{"name":"(anonymous_2)","decl":{"start":{"line":102,"column":35},"end":{"line":102,"column":36}},"loc":{"start":{"line":102,"column":40},"end":{"line":102,"column":51}},"line":102},"3":{"name":"(anonymous_3)","decl":{"start":{"line":112,"column":2},"end":{"line":112,"column":3}},"loc":{"start":{"line":112,"column":27},"end":{"line":119,"column":3}},"line":112},"4":{"name":"(anonymous_4)","decl":{"start":{"line":114,"column":35},"end":{"line":114,"column":36}},"loc":{"start":{"line":114,"column":40},"end":{"line":114,"column":85}},"line":114},"5":{"name":"(anonymous_5)","decl":{"start":{"line":124,"column":2},"end":{"line":124,"column":3}},"loc":{"start":{"line":124,"column":45},"end":{"line":137,"column":3}},"line":124},"6":{"name":"(anonymous_6)","decl":{"start":{"line":142,"column":2},"end":{"line":142,"column":3}},"loc":{"start":{"line":142,"column":25},"end":{"line":184,"column":3}},"line":142},"7":{"name":"(anonymous_7)","decl":{"start":{"line":189,"column":2},"end":{"line":189,"column":3}},"loc":{"start":{"line":189,"column":28},"end":{"line":220,"column":3}},"line":189},"8":{"name":"(anonymous_8)","decl":{"start":{"line":191,"column":45},"end":{"line":191,"column":46}},"loc":{"start":{"line":191,"column":50},"end":{"line":191,"column":61}},"line":191},"9":{"name":"(anonymous_9)","decl":{"start":{"line":225,"column":2},"end":{"line":225,"column":3}},"loc":{"start":{"line":225,"column":28},"end":{"line":235,"column":3}},"line":225},"10":{"name":"(anonymous_10)","decl":{"start":{"line":240,"column":2},"end":{"line":240,"column":3}},"loc":{"start":{"line":240,"column":41},"end":{"line":256,"column":3}},"line":240},"11":{"name":"(anonymous_11)","decl":{"start":{"line":261,"column":2},"end":{"line":261,"column":3}},"loc":{"start":{"line":261,"column":30},"end":{"line":286,"column":3}},"line":261},"12":{"name":"(anonymous_12)","decl":{"start":{"line":267,"column":45},"end":{"line":267,"column":46}},"loc":{"start":{"line":267,"column":50},"end":{"line":267,"column":73}},"line":267},"13":{"name":"(anonymous_13)","decl":{"start":{"line":272,"column":45},"end":{"line":272,"column":46}},"loc":{"start":{"line":272,"column":50},"end":{"line":272,"column":102}},"line":272},"14":{"name":"(anonymous_14)","decl":{"start":{"line":282,"column":31},"end":{"line":282,"column":32}},"loc":{"start":{"line":282,"column":40},"end":{"line":282,"column":51}},"line":282},"15":{"name":"(anonymous_15)","decl":{"start":{"line":291,"column":2},"end":{"line":291,"column":3}},"loc":{"start":{"line":291,"column":19},"end":{"line":303,"column":3}},"line":291},"16":{"name":"(anonymous_16)","decl":{"start":{"line":293,"column":45},"end":{"line":293,"column":46}},"loc":{"start":{"line":293,"column":50},"end":{"line":293,"column":61}},"line":293},"17":{"name":"(anonymous_17)","decl":{"start":{"line":308,"column":2},"end":{"line":308,"column":3}},"loc":{"start":{"line":308,"column":38},"end":{"line":326,"column":3}},"line":308},"18":{"name":"(anonymous_18)","decl":{"start":{"line":331,"column":2},"end":{"line":331,"column":3}},"loc":{"start":{"line":331,"column":34},"end":{"line":345,"column":3}},"line":331}},"branchMap":{"0":{"loc":{"start":{"line":7,"column":14},"end":{"line":7,"column":31}},"type":"default-arg","locations":[{"start":{"line":7,"column":27},"end":{"line":7,"column":31}}],"line":7},"1":{"loc":{"start":{"line":9,"column":17},"end":{"line":94,"column":5}},"type":"binary-expr","locations":[{"start":{"line":9,"column":17},"end":{"line":9,"column":27}},{"start":{"line":9,"column":31},"end":{"line":94,"column":5}}],"line":9},"2":{"loc":{"start":{"line":103,"column":13},"end":{"line":103,"column":38}},"type":"cond-expr","locations":[{"start":{"line":103,"column":20},"end":{"line":103,"column":31}},{"start":{"line":103,"column":34},"end":{"line":103,"column":38}}],"line":103},"3":{"loc":{"start":{"line":115,"column":13},"end":{"line":115,"column":38}},"type":"cond-expr","locations":[{"start":{"line":115,"column":20},"end":{"line":115,"column":31}},{"start":{"line":115,"column":34},"end":{"line":115,"column":38}}],"line":115},"4":{"loc":{"start":{"line":127,"column":6},"end":{"line":129,"column":7}},"type":"if","locations":[{"start":{"line":127,"column":6},"end":{"line":129,"column":7}},{"start":{},"end":{}}],"line":127},"5":{"loc":{"start":{"line":133,"column":13},"end":{"line":133,"column":49}},"type":"cond-expr","locations":[{"start":{"line":133,"column":31},"end":{"line":133,"column":42}},{"start":{"line":133,"column":45},"end":{"line":133,"column":49}}],"line":133},"6":{"loc":{"start":{"line":146,"column":6},"end":{"line":148,"column":7}},"type":"if","locations":[{"start":{"line":146,"column":6},"end":{"line":148,"column":7}},{"start":{},"end":{}}],"line":146},"7":{"loc":{"start":{"line":155,"column":14},"end":{"line":155,"column":39}},"type":"binary-expr","locations":[{"start":{"line":155,"column":14},"end":{"line":155,"column":27}},{"start":{"line":155,"column":31},"end":{"line":155,"column":39}}],"line":155},"8":{"loc":{"start":{"line":156,"column":16},"end":{"line":156,"column":64}},"type":"binary-expr","locations":[{"start":{"line":156,"column":16},"end":{"line":156,"column":31}},{"start":{"line":156,"column":35},"end":{"line":156,"column":64}}],"line":156},"9":{"loc":{"start":{"line":166,"column":22},"end":{"line":166,"column":50}},"type":"binary-expr","locations":[{"start":{"line":166,"column":22},"end":{"line":166,"column":39}},{"start":{"line":166,"column":43},"end":{"line":166,"column":50}}],"line":166},"10":{"loc":{"start":{"line":192,"column":6},"end":{"line":194,"column":7}},"type":"if","locations":[{"start":{"line":192,"column":6},"end":{"line":194,"column":7}},{"start":{},"end":{}}],"line":192},"11":{"loc":{"start":{"line":203,"column":14},"end":{"line":203,"column":35}},"type":"binary-expr","locations":[{"start":{"line":203,"column":14},"end":{"line":203,"column":29}},{"start":{"line":203,"column":33},"end":{"line":203,"column":35}}],"line":203},"12":{"loc":{"start":{"line":207,"column":14},"end":{"line":207,"column":40}},"type":"binary-expr","locations":[{"start":{"line":207,"column":14},"end":{"line":207,"column":34}},{"start":{"line":207,"column":38},"end":{"line":207,"column":40}}],"line":207},"13":{"loc":{"start":{"line":211,"column":14},"end":{"line":211,"column":36}},"type":"binary-expr","locations":[{"start":{"line":211,"column":14},"end":{"line":211,"column":30}},{"start":{"line":211,"column":34},"end":{"line":211,"column":36}}],"line":211},"14":{"loc":{"start":{"line":243,"column":6},"end":{"line":245,"column":7}},"type":"if","locations":[{"start":{"line":243,"column":6},"end":{"line":245,"column":7}},{"start":{},"end":{}}],"line":243},"15":{"loc":{"start":{"line":261,"column":16},"end":{"line":261,"column":28}},"type":"default-arg","locations":[{"start":{"line":261,"column":26},"end":{"line":261,"column":28}}],"line":261},"16":{"loc":{"start":{"line":266,"column":6},"end":{"line":268,"column":7}},"type":"if","locations":[{"start":{"line":266,"column":6},"end":{"line":268,"column":7}},{"start":{},"end":{}}],"line":266},"17":{"loc":{"start":{"line":271,"column":6},"end":{"line":273,"column":7}},"type":"if","locations":[{"start":{"line":271,"column":6},"end":{"line":273,"column":7}},{"start":{},"end":{}}],"line":271},"18":{"loc":{"start":{"line":276,"column":6},"end":{"line":280,"column":7}},"type":"if","locations":[{"start":{"line":276,"column":6},"end":{"line":280,"column":7}},{"start":{},"end":{}}],"line":276},"19":{"loc":{"start":{"line":276,"column":10},"end":{"line":276,"column":39}},"type":"binary-expr","locations":[{"start":{"line":276,"column":10},"end":{"line":276,"column":22}},{"start":{"line":276,"column":26},"end":{"line":276,"column":39}}],"line":276},"20":{"loc":{"start":{"line":294,"column":6},"end":{"line":296,"column":7}},"type":"if","locations":[{"start":{"line":294,"column":6},"end":{"line":296,"column":7}},{"start":{},"end":{}}],"line":294},"21":{"loc":{"start":{"line":311,"column":6},"end":{"line":313,"column":7}},"type":"if","locations":[{"start":{"line":311,"column":6},"end":{"line":313,"column":7}},{"start":{},"end":{}}],"line":311},"22":{"loc":{"start":{"line":322,"column":13},"end":{"line":322,"column":66}},"type":"binary-expr","locations":[{"start":{"line":322,"column":13},"end":{"line":322,"column":57}},{"start":{"line":322,"column":61},"end":{"line":322,"column":66}}],"line":322},"23":{"loc":{"start":{"line":334,"column":6},"end":{"line":336,"column":7}},"type":"if","locations":[{"start":{"line":334,"column":6},"end":{"line":336,"column":7}},{"start":{},"end":{}}],"line":334},"24":{"loc":{"start":{"line":341,"column":13},"end":{"line":341,"column":61}},"type":"binary-expr","locations":[{"start":{"line":341,"column":13},"end":{"line":341,"column":32}},{"start":{"line":341,"column":36},"end":{"line":341,"column":61}}],"line":341}},"s":{"0":33,"1":14,"2":14,"3":19,"4":13,"5":1,"6":10,"7":10,"8":13,"9":9,"10":1,"11":3,"12":3,"13":3,"14":1,"15":2,"16":2,"17":0,"18":4,"19":4,"20":3,"21":1,"22":2,"23":2,"24":2,"25":2,"26":4,"27":4,"28":5,"29":4,"30":1,"31":3,"32":3,"33":3,"34":3,"35":1,"36":0,"37":0,"38":0,"39":1,"40":1,"41":1,"42":0,"43":1,"44":1,"45":0,"46":4,"47":4,"48":4,"49":1,"50":2,"51":4,"52":1,"53":2,"54":4,"55":1,"56":1,"57":1,"58":4,"59":5,"60":0,"61":2,"62":2,"63":3,"64":2,"65":1,"66":1,"67":1,"68":1,"69":4,"70":4,"71":4,"72":1,"73":3,"74":3,"75":0,"76":3,"77":3,"78":3,"79":1,"80":2,"81":2,"82":2,"83":0},"f":{"0":33,"1":14,"2":19,"3":10,"4":13,"5":3,"6":4,"7":4,"8":5,"9":0,"10":1,"11":4,"12":2,"13":2,"14":5,"15":2,"16":3,"17":4,"18":3},"b":{"0":[0],"1":[33,0],"2":[9,4],"3":[5,4],"4":[1,2],"5":[1,1],"6":[1,2],"7":[2,2],"8":[2,2],"9":[2,2],"10":[1,3],"11":[3,2],"12":[3,3],"13":[3,1],"14":[0,1],"15":[1],"16":[1,3],"17":[1,3],"18":[1,3],"19":[4,1],"20":[1,1],"21":[1,3],"22":[3,1],"23":[1,2],"24":[2,1]},"_coverageSchema":"1a1c01bbd47fc00a2c39e90264f33305004495a9","hash":"7fa7a50a7504144c50b16a174e5169305f543b24"}
,"/home/ubuntu/upload/apocalypse-academy-final/services/CourseService.js": {"path":"/home/ubuntu/upload/apocalypse-academy-final/services/CourseService.js","statementMap":{"0":{"start":{"line":11,"column":4},"end":{"line":11,"column":71}},"1":{"start":{"line":12,"column":4},"end":{"line":12,"column":65}},"2":{"start":{"line":19,"column":4},"end":{"line":53,"column":5}},"3":{"start":{"line":20,"column":21},"end":{"line":20,"column":67}},"4":{"start":{"line":21,"column":6},"end":{"line":23,"column":7}},"5":{"start":{"line":22,"column":8},"end":{"line":22,"column":48}},"6":{"start":{"line":26,"column":22},"end":{"line":26,"column":26}},"7":{"start":{"line":27,"column":24},"end":{"line":27,"column":30}},"8":{"start":{"line":29,"column":6},"end":{"line":37,"column":7}},"9":{"start":{"line":30,"column":28},"end":{"line":30,"column":74}},"10":{"start":{"line":31,"column":8},"end":{"line":31,"column":42}},"11":{"start":{"line":32,"column":8},"end":{"line":32,"column":46}},"12":{"start":{"line":35,"column":8},"end":{"line":35,"column":38}},"13":{"start":{"line":36,"column":8},"end":{"line":36,"column":60}},"14":{"start":{"line":39,"column":6},"end":{"line":46,"column":8}},"15":{"start":{"line":48,"column":6},"end":{"line":52,"column":8}},"16":{"start":{"line":60,"column":4},"end":{"line":73,"column":5}},"17":{"start":{"line":61,"column":21},"end":{"line":61,"column":65}},"18":{"start":{"line":62,"column":6},"end":{"line":64,"column":7}},"19":{"start":{"line":63,"column":8},"end":{"line":63,"column":48}},"20":{"start":{"line":66,"column":6},"end":{"line":66,"column":53}},"21":{"start":{"line":68,"column":6},"end":{"line":72,"column":8}},"22":{"start":{"line":80,"column":4},"end":{"line":117,"column":5}},"23":{"start":{"line":81,"column":22},"end":{"line":81,"column":66}},"24":{"start":{"line":84,"column":32},"end":{"line":104,"column":7}},"25":{"start":{"line":86,"column":26},"end":{"line":86,"column":30}},"26":{"start":{"line":87,"column":28},"end":{"line":87,"column":34}},"27":{"start":{"line":89,"column":10},"end":{"line":96,"column":11}},"28":{"start":{"line":90,"column":32},"end":{"line":90,"column":79}},"29":{"start":{"line":91,"column":12},"end":{"line":91,"column":46}},"30":{"start":{"line":92,"column":12},"end":{"line":92,"column":50}},"31":{"start":{"line":94,"column":12},"end":{"line":94,"column":42}},"32":{"start":{"line":95,"column":12},"end":{"line":95,"column":64}},"33":{"start":{"line":98,"column":10},"end":{"line":102,"column":12}},"34":{"start":{"line":106,"column":6},"end":{"line":110,"column":8}},"35":{"start":{"line":112,"column":6},"end":{"line":116,"column":8}},"36":{"start":{"line":124,"column":4},"end":{"line":159,"column":5}},"37":{"start":{"line":125,"column":22},"end":{"line":125,"column":69}},"38":{"start":{"line":127,"column":32},"end":{"line":147,"column":7}},"39":{"start":{"line":129,"column":26},"end":{"line":129,"column":30}},"40":{"start":{"line":130,"column":28},"end":{"line":130,"column":34}},"41":{"start":{"line":132,"column":10},"end":{"line":139,"column":11}},"42":{"start":{"line":133,"column":32},"end":{"line":133,"column":79}},"43":{"start":{"line":134,"column":12},"end":{"line":134,"column":46}},"44":{"start":{"line":135,"column":12},"end":{"line":135,"column":50}},"45":{"start":{"line":137,"column":12},"end":{"line":137,"column":42}},"46":{"start":{"line":138,"column":12},"end":{"line":138,"column":64}},"47":{"start":{"line":141,"column":10},"end":{"line":145,"column":12}},"48":{"start":{"line":149,"column":6},"end":{"line":152,"column":8}},"49":{"start":{"line":154,"column":6},"end":{"line":158,"column":8}},"50":{"start":{"line":166,"column":4},"end":{"line":202,"column":5}},"51":{"start":{"line":167,"column":22},"end":{"line":167,"column":81}},"52":{"start":{"line":169,"column":32},"end":{"line":189,"column":7}},"53":{"start":{"line":171,"column":26},"end":{"line":171,"column":30}},"54":{"start":{"line":172,"column":28},"end":{"line":172,"column":34}},"55":{"start":{"line":174,"column":10},"end":{"line":181,"column":11}},"56":{"start":{"line":175,"column":32},"end":{"line":175,"column":79}},"57":{"start":{"line":176,"column":12},"end":{"line":176,"column":46}},"58":{"start":{"line":177,"column":12},"end":{"line":177,"column":50}},"59":{"start":{"line":179,"column":12},"end":{"line":179,"column":42}},"60":{"start":{"line":180,"column":12},"end":{"line":180,"column":64}},"61":{"start":{"line":183,"column":10},"end":{"line":187,"column":12}},"62":{"start":{"line":191,"column":6},"end":{"line":195,"column":8}},"63":{"start":{"line":197,"column":6},"end":{"line":201,"column":8}},"64":{"start":{"line":209,"column":4},"end":{"line":234,"column":5}},"65":{"start":{"line":210,"column":19},"end":{"line":210,"column":61}},"66":{"start":{"line":211,"column":6},"end":{"line":213,"column":7}},"67":{"start":{"line":212,"column":8},"end":{"line":212,"column":50}},"68":{"start":{"line":216,"column":25},"end":{"line":216,"column":83}},"69":{"start":{"line":219,"column":32},"end":{"line":221,"column":7}},"70":{"start":{"line":220,"column":8},"end":{"line":220,"column":52}},"71":{"start":{"line":223,"column":6},"end":{"line":227,"column":8}},"72":{"start":{"line":229,"column":6},"end":{"line":233,"column":8}},"73":{"start":{"line":241,"column":4},"end":{"line":285,"column":5}},"74":{"start":{"line":243,"column":26},"end":{"line":243,"column":72}},"75":{"start":{"line":244,"column":6},"end":{"line":246,"column":7}},"76":{"start":{"line":245,"column":8},"end":{"line":245,"column":50}},"77":{"start":{"line":248,"column":21},"end":{"line":248,"column":67}},"78":{"start":{"line":249,"column":6},"end":{"line":251,"column":7}},"79":{"start":{"line":250,"column":8},"end":{"line":250,"column":48}},"80":{"start":{"line":254,"column":6},"end":{"line":260,"column":7}},"81":{"start":{"line":255,"column":8},"end":{"line":259,"column":10}},"82":{"start":{"line":263,"column":28},"end":{"line":266,"column":8}},"83":{"start":{"line":269,"column":19},"end":{"line":269,"column":61}},"84":{"start":{"line":270,"column":6},"end":{"line":272,"column":9}},"85":{"start":{"line":274,"column":6},"end":{"line":278,"column":8}},"86":{"start":{"line":280,"column":6},"end":{"line":284,"column":8}},"87":{"start":{"line":292,"column":4},"end":{"line":335,"column":5}},"88":{"start":{"line":294,"column":26},"end":{"line":294,"column":72}},"89":{"start":{"line":295,"column":6},"end":{"line":297,"column":7}},"90":{"start":{"line":296,"column":8},"end":{"line":296,"column":50}},"91":{"start":{"line":300,"column":28},"end":{"line":300,"column":99}},"92":{"start":{"line":303,"column":19},"end":{"line":303,"column":61}},"93":{"start":{"line":304,"column":27},"end":{"line":304,"column":67}},"94":{"start":{"line":306,"column":28},"end":{"line":308,"column":7}},"95":{"start":{"line":311,"column":6},"end":{"line":318,"column":7}},"96":{"start":{"line":312,"column":8},"end":{"line":312,"column":78}},"97":{"start":{"line":315,"column":8},"end":{"line":317,"column":9}},"98":{"start":{"line":316,"column":10},"end":{"line":316,"column":84}},"99":{"start":{"line":320,"column":6},"end":{"line":320,"column":72}},"100":{"start":{"line":322,"column":6},"end":{"line":328,"column":8}},"101":{"start":{"line":330,"column":6},"end":{"line":334,"column":8}},"102":{"start":{"line":342,"column":4},"end":{"line":365,"column":5}},"103":{"start":{"line":343,"column":21},"end":{"line":343,"column":67}},"104":{"start":{"line":344,"column":6},"end":{"line":346,"column":7}},"105":{"start":{"line":345,"column":8},"end":{"line":345,"column":48}},"106":{"start":{"line":349,"column":28},"end":{"line":349,"column":84}},"107":{"start":{"line":349,"column":60},"end":{"line":349,"column":83}},"108":{"start":{"line":350,"column":25},"end":{"line":350,"column":78}},"109":{"start":{"line":350,"column":57},"end":{"line":350,"column":77}},"110":{"start":{"line":352,"column":6},"end":{"line":357,"column":8}},"111":{"start":{"line":359,"column":6},"end":{"line":364,"column":8}},"112":{"start":{"line":372,"column":4},"end":{"line":407,"column":5}},"113":{"start":{"line":373,"column":21},"end":{"line":373,"column":67}},"114":{"start":{"line":374,"column":6},"end":{"line":376,"column":7}},"115":{"start":{"line":375,"column":8},"end":{"line":375,"column":89}},"116":{"start":{"line":378,"column":19},"end":{"line":378,"column":61}},"117":{"start":{"line":379,"column":6},"end":{"line":381,"column":7}},"118":{"start":{"line":380,"column":8},"end":{"line":380,"column":91}},"119":{"start":{"line":384,"column":6},"end":{"line":386,"column":7}},"120":{"start":{"line":385,"column":8},"end":{"line":385,"column":82}},"121":{"start":{"line":389,"column":36},"end":{"line":389,"column":91}},"122":{"start":{"line":390,"column":6},"end":{"line":392,"column":7}},"123":{"start":{"line":391,"column":8},"end":{"line":391,"column":84}},"124":{"start":{"line":395,"column":6},"end":{"line":397,"column":7}},"125":{"start":{"line":396,"column":8},"end":{"line":396,"column":89}},"126":{"start":{"line":400,"column":6},"end":{"line":402,"column":7}},"127":{"start":{"line":401,"column":8},"end":{"line":401,"column":84}},"128":{"start":{"line":404,"column":6},"end":{"line":404,"column":88}},"129":{"start":{"line":406,"column":6},"end":{"line":406,"column":78}},"130":{"start":{"line":414,"column":4},"end":{"line":433,"column":5}},"131":{"start":{"line":416,"column":19},"end":{"line":416,"column":71}},"132":{"start":{"line":417,"column":6},"end":{"line":419,"column":7}},"133":{"start":{"line":418,"column":8},"end":{"line":418,"column":41}},"134":{"start":{"line":421,"column":20}
[...]
umn":34}},"108":{"start":{"line":385,"column":4},"end":{"line":387,"column":5}},"109":{"start":{"line":386,"column":6},"end":{"line":386,"column":19}},"110":{"start":{"line":388,"column":4},"end":{"line":388,"column":39}},"111":{"start":{"line":395,"column":4},"end":{"line":397,"column":5}},"112":{"start":{"line":396,"column":6},"end":{"line":396,"column":80}},"113":{"start":{"line":399,"column":4},"end":{"line":401,"column":5}},"114":{"start":{"line":400,"column":6},"end":{"line":400,"column":57}},"115":{"start":{"line":403,"column":4},"end":{"line":405,"column":5}},"116":{"start":{"line":404,"column":6},"end":{"line":404,"column":81}},"117":{"start":{"line":407,"column":4},"end":{"line":407,"column":27}},"118":{"start":{"line":414,"column":22},"end":{"line":414,"column":24}},"119":{"start":{"line":416,"column":4},"end":{"line":418,"column":5}},"120":{"start":{"line":417,"column":6},"end":{"line":417,"column":65}},"121":{"start":{"line":420,"column":4},"end":{"line":422,"column":5}},"122":{"start":{"line":421,"column":6},"end":{"line":421,"column":61}},"123":{"start":{"line":424,"column":4},"end":{"line":426,"column":5}},"124":{"start":{"line":425,"column":6},"end":{"line":425,"column":69}},"125":{"start":{"line":428,"column":4},"end":{"line":430,"column":5}},"126":{"start":{"line":429,"column":6},"end":{"line":429,"column":59}},"127":{"start":{"line":432,"column":4},"end":{"line":432,"column":21}},"128":{"start":{"line":439,"column":4},"end":{"line":439,"column":43}},"129":{"start":{"line":446,"column":4},"end":{"line":448,"column":5}},"130":{"start":{"line":447,"column":6},"end":{"line":447,"column":44}},"131":{"start":{"line":450,"column":18},"end":{"line":450,"column":34}},"132":{"start":{"line":451,"column":4},"end":{"line":453,"column":5}},"133":{"start":{"line":452,"column":6},"end":{"line":452,"column":44}},"134":{"start":{"line":455,"column":19},"end":{"line":455,"column":27}},"135":{"start":{"line":456,"column":22},"end":{"line":456,"column":40}},"136":{"start":{"line":457,"column":16},"end":{"line":457,"column":26}},"137":{"start":{"line":460,"column":4},"end":{"line":462,"column":5}},"138":{"start":{"line":461,"column":6},"end":{"line":461,"column":44}},"139":{"start":{"line":464,"column":4},"end":{"line":464,"column":35}}},"fnMap":{"0":{"name":"(anonymous_0)","decl":{"start":{"line":9,"column":2},"end":{"line":9,"column":3}},"loc":{"start":{"line":9,"column":37},"end":{"line":11,"column":3}},"line":9},"1":{"name":"(anonymous_1)","decl":{"start":{"line":16,"column":2},"end":{"line":16,"column":3}},"loc":{"start":{"line":16,"column":38},"end":{"line":58,"column":3}},"line":16},"2":{"name":"(anonymous_2)","decl":{"start":{"line":63,"column":2},"end":{"line":63,"column":3}},"loc":{"start":{"line":63,"column":27},"end":{"line":102,"column":3}},"line":63},"3":{"name":"(anonymous_3)","decl":{"start":{"line":107,"column":2},"end":{"line":107,"column":3}},"loc":{"start":{"line":107,"column":27},"end":{"line":127,"column":3}},"line":107},"4":{"name":"(anonymous_4)","decl":{"start":{"line":132,"column":2},"end":{"line":132,"column":3}},"loc":{"start":{"line":132,"column":39},"end":{"line":173,"column":3}},"line":132},"5":{"name":"(anonymous_5)","decl":{"start":{"line":178,"column":2},"end":{"line":178,"column":3}},"loc":{"start":{"line":178,"column":61},"end":{"line":211,"column":3}},"line":178},"6":{"name":"(anonymous_6)","decl":{"start":{"line":216,"column":2},"end":{"line":216,"column":3}},"loc":{"start":{"line":216,"column":45},"end":{"line":240,"column":3}},"line":216},"7":{"name":"(anonymous_7)","decl":{"start":{"line":245,"column":2},"end":{"line":245,"column":3}},"loc":{"start":{"line":245,"column":44},"end":{"line":261,"column":3}},"line":245},"8":{"name":"(anonymous_8)","decl":{"start":{"line":266,"column":2},"end":{"line":266,"column":3}},"loc":{"start":{"line":266,"column":40},"end":{"line":300,"column":3}},"line":266},"9":{"name":"(anonymous_9)","decl":{"start":{"line":305,"column":2},"end":{"line":305,"column":3}},"loc":{"start":{"line":305,"column":50},"end":{"line":333,"column":3}},"line":305},"10":{"name":"(anonymous_10)","decl":{"start":{"line":316,"column":34},"end":{"line":316,"column":35}},"loc":{"start":{"line":316,"column":42},"end":{"line":319,"column":7}},"line":316},"11":{"name":"(anonymous_11)","decl":{"start":{"line":338,"column":2},"end":{"line":338,"column":3}},"loc":{"start":{"line":338,"column":39},"end":{"line":369,"column":3}},"line":338},"12":{"name":"(anonymous_12)","decl":{"start":{"line":350,"column":45},"end":{"line":350,"column":46}},"loc":{"start":{"line":350,"column":50},"end":{"line":350,"column":84}},"line":350},"13":{"name":"(anonymous_13)","decl":{"start":{"line":351,"column":36},"end":{"line":351,"column":37}},"loc":{"start":{"line":351,"column":41},"end":{"line":351,"column":74}},"line":351},"14":{"name":"(anonymous_14)","decl":{"start":{"line":352,"column":36},"end":{"line":352,"column":37}},"loc":{"start":{"line":352,"column":41},"end":{"line":352,"column":59}},"line":352},"15":{"name":"(anonymous_15)","decl":{"start":{"line":353,"column":37},"end":{"line":353,"column":38}},"loc":{"start":{"line":353,"column":42},"end":{"line":353,"column":61}},"line":353},"16":{"name":"(anonymous_16)","decl":{"start":{"line":354,"column":40},"end":{"line":354,"column":41}},"loc":{"start":{"line":354,"column":52},"end":{"line":354,"column":90}},"line":354},"17":{"name":"(anonymous_17)","decl":{"start":{"line":355,"column":43},"end":{"line":355,"column":44}},"loc":{"start":{"line":355,"column":55},"end":{"line":355,"column":97}},"line":355},"18":{"name":"(anonymous_18)","decl":{"start":{"line":376,"column":2},"end":{"line":376,"column":3}},"loc":{"start":{"line":376,"column":22},"end":{"line":379,"column":3}},"line":376},"19":{"name":"(anonymous_19)","decl":{"start":{"line":384,"column":2},"end":{"line":384,"column":3}},"loc":{"start":{"line":384,"column":28},"end":{"line":389,"column":3}},"line":384},"20":{"name":"(anonymous_20)","decl":{"start":{"line":394,"column":2},"end":{"line":394,"column":3}},"loc":{"start":{"line":394,"column":29},"end":{"line":408,"column":3}},"line":394},"21":{"name":"(anonymous_21)","decl":{"start":{"line":413,"column":2},"end":{"line":413,"column":3}},"loc":{"start":{"line":413,"column":37},"end":{"line":433,"column":3}},"line":413},"22":{"name":"(anonymous_22)","decl":{"start":{"line":438,"column":2},"end":{"line":438,"column":3}},"loc":{"start":{"line":438,"column":24},"end":{"line":440,"column":3}},"line":438},"23":{"name":"(anonymous_23)","decl":{"start":{"line":445,"column":2},"end":{"line":445,"column":3}},"loc":{"start":{"line":445,"column":23},"end":{"line":465,"column":3}},"line":445}},"branchMap":{"0":{"loc":{"start":{"line":9,"column":14},"end":{"line":9,"column":35}},"type":"default-arg","locations":[{"start":{"line":9,"column":31},"end":{"line":9,"column":35}}],"line":9},"1":{"loc":{"start":{"line":10,"column":26},"end":{"line":10,"column":64}},"type":"binary-expr","locations":[{"start":{"line":10,"column":26},"end":{"line":10,"column":40}},{"start":{"line":10,"column":44},"end":{"line":10,"column":64}}],"line":10},"2":{"loc":{"start":{"line":19,"column":6},"end":{"line":21,"column":7}},"type":"if","locations":[{"start":{"line":19,"column":6},"end":{"line":21,"column":7}},{"start":{},"end":{}}],"line":19},"3":{"loc":{"start":{"line":19,"column":10},"end":{"line":19,"column":29}},"type":"binary-expr","locations":[{"start":{"line":19,"column":10},"end":{"line":19,"column":16}},{"start":{"line":19,"column":20},"end":{"line":19,"column":29}}],"line":19},"4":{"loc":{"start":{"line":23,"column":6},"end":{"line":25,"column":7}},"type":"if","locations":[{"start":{"line":23,"column":6},"end":{"line":25,"column":7}},{"start":{},"end":{}}],"line":23},"5":{"loc":{"start":{"line":29,"column":6},"end":{"line":31,"column":7}},"type":"if","locations":[{"start":{"line":29,"column":6},"end":{"line":31,"column":7}},{"start":{},"end":{}}],"line":29},"6":{"loc":{"start":{"line":34,"column":6},"end":{"line":36,"column":7}},"type":"if","locations":[{"start":{"line":34,"column":6},"end":{"line":36,"column":7}},{"start":{},"end":{}}],"line":34},"7":{"loc":{"start":{"line":67,"column":6},"end":{"line":69,"column":7}},"type":"if","locations":[{"start":{"line":67,"column":6},"end":{"line":69,"column":7}},{"start":{},"end":{}}],"line":67},"8":{"loc":{"start":{"line":73,"column":6},"end":{"line":75,"column":7}},"type":"if","locations":[{"start":{"line":73,"column":6},"end":{"line":75,"column":7}},{"start":{},"end":{}}],"line":73},"9":{"loc":{"start":{"line":82,"column":18},"end":{"line":82,"column":46}},"type":"binary-expr","locations":[{"start":{"line":82,"column":18},"end":{"line":82,"column":35}},{"start":{"line":82,"column":39},"end":{"line":82,"column":46}}],"line":82},"10":{"loc":{"start":{"line":110,"column":6},"end":{"line":112,"column":7}},"type":"if","locations":[{"start":{"line":110,"column":6},"end":{"line":112,"column":7}},{"start":{},"end":{}}],"line":110},"11":{"loc":{"start":{"line":135,"column":6},"end":{"line":137,"column":7}},"type":"if","locations":[{"start":{"line":135,"column":6},"end":{"line":137,"column":7}},{"start":{},"end":{}}],"line":135},"12":{"loc":{"start":{"line":135,"column":10},"end":{"line":135,"column":60}},"type":"binary-expr","locations":[{"start":{"line":135,"column":10},"end":{"line":135,"column":23}},{"start":{"line":135,"column":27},"end":{"line":135,"column":60}}],"line":135},"13":{"loc":{"start":{"line":139,"column":6},"end":{"line":141,"column":7}},"type":"if","locations":[{"start":{"line":139,"column":6},"end":{"line":141,"column":7}},{"start":{},"end":{}}],"line":139},"14":{"loc":{"start":{"line":139,"column":10},"end":{"line":139,"column":56}},"type":"binary-expr","locations":[{"start":{"line":139,"column":10},"end":{"line":139,"column":22}},{"start":{"line":139,"column":26},"end":{"line":139,"column":56}}],"line":139},"15":{"loc":{"start":{"line":144,"column":6},"end":{"line":149,"column":7}},"type":"if","locations":[{"start":{"line":144,"column":6},"end":{"line":149,"column":7}},{"start":{},"end":{}}],"line":144},"16":{"loc":{"start":{"line":146,"column":8},"end":{"line":148,"column":9}},"type":"if","locations":[{"start":{"line":146,"column":8},"end":{"line":148,"column":9}},{"start":{},"end":{}}],"line":146},"17":{"loc":{"start":{"line":146,"column":12},"end":{"line":146,"column":54}},"type":"binary-expr","locations":[{"start":{"line":146,"column":12},"end":{"line":146,"column":24}},{"start":{"line":146,"column":28},"end":{"line":146,"column":54}}],"line":146},"18":{"loc":{"start":{"line":154,"column":15},"end":{"line":154,"column":77}},"type":"cond-expr","locations":[{"start":{"line":154,"column":31},"end":{"line":154,"column":65}},{"start":{"line":154,"column":68},"end":{"line":154,"column":77}}],"line":154},"19":{"loc":{"start":{"line":155,"column":14},"end":{"line":155,"column":60}},"type":"cond-expr","locations":[{"start":{"line":155,"column":29},"end":{"line":155,"column":48}},{"start":{"line":155,"column":51},"end":{"line":155,"column":60}}],"line":155},"20":{"loc":{"start":{"line":182,"column":6},"end":{"line":184,"column":7}},"type":"if","locations":[{"start":{"line":182,"column":6},"end":{"line":184,"column":7}},{"start":{},"end":{}}],"line":182},"21":{"loc":{"start":{"line":187,"column":6},"end":{"line":189,"column":7}},"type":"if","locations":[{"start":{"line":187,"column":6},"end":{"line":189,"column":7}},{"start":{},"end":{}}],"line":187},"22":{"loc":{"start":{"line":192,"column":6},"end":{"line":194,"column":7}},"type":"if","locations":[{"start":{"line":192,"column":6},"end":{"line":194,"column":7}},{"start":{},"end":{}}],"line":192},"23":{"loc":{"start":{"line":219,"column":6},"end":{"line":221,"column":7}},"type":"if","locations":[{"start":{"line":219,"column":6},"end":{"line":221,"column":7}},{"start":{},"end":{}}],"line":219},"24":{"loc":{"start":{"line":269,"column":6},"end":{"line":271,"column":7}},"type":"if","locations":[{"start":{"line":269,"column":6},"end":{"line":271,"column":7}},{"start":{},"end":{}}],"line":269},"25":{"loc":{"start":{"line":278,"column":6},"end":{"line":282,"column":7}},"type":"if","locations":[{"start":{"line":278,"column":6},"end":{"line":282,"column":7}},{"start":{},"end":{}}],"line":278},"26":{"loc":{"start":{"line":290,"column":24},"end":{"line":290,"column":63}},"type":"binary-expr","locations":[{"start":{"line":290,"column":24},"end":{"line":290,"column":42}},{"start":{"line":290,"column":46},"end":{"line":290,"column":63}}],"line":290},"27":{"loc":{"start":{"line":305,"column":18},"end":{"line":305,"column":30}},"type":"default-arg","locations":[{"start":{"line":305,"column":28},"end":{"line":305,"column":30}}],"line":305},"28":{"loc":{"start":{"line":309,"column":6},"end":{"line":311,"column":7}},"type":"if","locations":[{"start":{"line":309,"column":6},"end":{"line":311,"column":7}},{"start":{},"end":{}}],"line":309},"29":{"loc":{"start":{"line":342,"column":6},"end":{"line":344,"column":7}},"type":"if","locations":[{"start":{"line":342,"column":6},"end":{"line":344,"column":7}},{"start":{},"end":{}}],"line":342},"30":{"loc":{"start":{"line":354,"column":59},"end":{"line":354,"column":89}},"type":"binary-expr","locations":[{"start":{"line":354,"column":59},"end":{"line":354,"column":84}},{"start":{"line":354,"column":88},"end":{"line":354,"column":89}}],"line":354},"31":{"loc":{"start":{"line":355,"column":62},"end":{"line":355,"column":96}},"type":"binary-expr","locations":[{"start":{"line":355,"column":62},"end":{"line":355,"column":91}},{"start":{"line":355,"column":95},"end":{"line":355,"column":96}}],"line":355},"32":{"loc":{"start":{"line":385,"column":4},"end":{"line":387,"column":5}},"type":"if","locations":[{"start":{"line":385,"column":4},"end":{"line":387,"column":5}},{"start":{},"end":{}}],"line":385},"33":{"loc":{"start":{"line":385,"column":8},"end":{"line":385,"column":49}},"type":"binary-expr","locations":[{"start":{"line":385,"column":8},"end":{"line":385,"column":17}},{"start":{"line":385,"column":21},"end":{"line":385,"column":49}}],"line":385},"34":{"loc":{"start":{"line":395,"column":4},"end":{"line":397,"column":5}},"type":"if","locations":[{"start":{"line":395,"column":4},"end":{"line":397,"column":5}},{"start":{},"end":{}}],"line":395},"35":{"loc":{"start":{"line":395,"column":8},"end":{"line":395,"column":57}},"type":"binary-expr","locations":[{"start":{"line":395,"column":8},"end":{"line":395,"column":22}},{"start":{"line":395,"column":26},"end":{"line":395,"column":57}}],"line":395},"36":{"loc":{"start":{"line":399,"column":4},"end":{"line":401,"column":5}},"type":"if","locations":[{"start":{"line":399,"column":4},"end":{"line":401,"column":5}},{"start":{},"end":{}}],"line":399},"37":{"loc":{"start":{"line":399,"column":8},"end":{"line":399,"column":61}},"type":"binary-expr","locations":[{"start":{"line":399,"column":8},"end":{"line":399,"column":23}},{"start":{"line":399,"column":27},"end":{"line":399,"column":61}}],"line":399},"38":{"loc":{"start":{"line":403,"column":4},"end":{"line":405,"column":5}},"type":"if","locations":[{"start":{"line":403,"column":4},"end":{"line":405,"column":5}},{"start":{},"end":{}}],"line":403},"39":{"loc":{"start":{"line":403,"column":8},"end":{"line":403,"column":70}},"type":"binary-expr","locations":[{"start":{"line":403,"column":8},"end":{"line":403,"column":26}},{"start":{"line":403,"column":30},"end":{"line":403,"column":70}}],"line":403},"40":{"loc":{"start":{"line":416,"column":4},"end":{"line":418,"column":5}},"type":"if","locations":[{"start":{"line":416,"column":4},"end":{"line":418,"column":5}},{"start":{},"end":{}}],"line":416},"41":{"loc":{"start":{"line":416,"column":8},"end":{"line":416,"column":95}},"type":"binary-expr","locations":[{"start":{"line":416,"column":8},"end":{"line":416,"column":57}},{"start":{"line":416,"column":61},"end":{"line":416,"column":95}}],"line":416},"42":{"loc":{"start":{"line":420,"column":4},"end":{"line":422,"column":5}},"type":"if","locations":[{"start":{"line":420,"column":4},"end":{"line":422,"column":5}},{"start":{},"end":{}}],"line":420},"43":{"loc":{"start":{"line":420,"column":8},"end":{"line":420,"column":91}},"type":"binary-expr","locations":[{"start":{"line":420,"column":8},"end":{"line":420,"column":55}},{"start":{"line":420,"column":59},"end":{"line":420,"column":91}}],"line":420},"44":{"loc":{"start":{"line":424,"column":4},"end":{"line":426,"column":5}},"type":"if","locations":[{"start":{"line":424,"column":4},"end":{"line":426,"column":5}},{"start":{},"end":{}}],"line":424},"45":{"loc":{"start":{"line":424,"column":8},"end":{"line":424,"column":99}},"type":"binary-expr","locations":[{"start":{"line":424,"column":8},"end":{"line":424,"column":59}},{"start":{"line":424,"column":63},"end":{"line":424,"column":99}}],"line":424},"46":{"loc":{"start":{"line":428,"column":4},"end":{"line":430,"column":5}},"type":"if","locations":[{"start":{"line":428,"column":4},"end":{"line":430,"column":5}},{"start":{},"end":{}}],"line":428},"47":{"loc":{"start":{"line":428,"column":8},"end":{"line":428,"column":89}},"type":"binary-expr","locations":[{"start":{"line":428,"column":8},"end":{"line":428,"column":54}},{"start":{"line":428,"column":58},"end":{"line":428,"column":89}}],"line":428},"48":{"loc":{"start":{"line":446,"column":4},"end":{"line":448,"column":5}},"type":"if","locations":[{"start":{"line":446,"column":4},"end":{"line":448,"column":5}},{"start":{},"end":{}}],"line":446},"49":{"loc":{"start":{"line":446,"column":8},"end":{"line":446,"column":45}},"type":"binary-expr","locations":[{"start":{"line":446,"column":8},"end":{"line":446,"column":14}},{"start":{"line":446,"column":18},"end":{"line":446,"column":45}}],"line":446},"50":{"loc":{"start":{"line":451,"column":4},"end":{"line":453,"column":5}},"type":"if","locations":[{"start":{"line":451,"column":4},"end":{"line":453,"column":5}},{"start":{},"end":{}}],"line":451},"51":{"loc":{"start":{"line":460,"column":4},"end":{"line":462,"column":5}},"type":"if","locations":[{"start":{"line":460,"column":4},"end":{"line":462,"column":5}},{"start":{},"end":{}}],"line":460}},"s":{"0":35,"1":5,"2":5,"3":1,"4":4,"5":1,"6":3,"7":3,"8":1,"9":2,"10":1,"11":1,"12":1,"13":1,"14":4,"15":5,"16":5,"17":5,"18":3,"19":2,"20":2,"21":1,"22":1,"23":1,"24":1,"25":4,"26":2,"27":2,"28":2,"29":1,"30":1,"31":1,"32":1,"33":3,"34":3,"35":0,"36":3,"37":0,"38":3,"39":2,"40":2,"41":1,"42":2,"43":2,"44":2,"45":1,"46":3,"47":3,"48":3,"49":0,"50":3,"51":1,"52":2,"53":1,"54":1,"55":1,"56":2,"57":2,"58":2,"59":2,"60":0,"61":2,"62":2,"63":2,"64":0,"65":2,"66":2,"67":2,"68":0,"69":3,"70":3,"71":3,"72":0,"73":3,"74":3,"75":3,"76":3,"77":3,"78":3,"79":3,"80":3,"81":0,"82":0,"83":0,"84":0,"85":0,"86":0,"87":0,"88":0,"89":0,"90":0,"91":0,"92":0,"93":0,"94":0,"95":0,"96":0,"97":0,"98":0,"99":0,"100":0,"101":0,"102":0,"103":0,"104":0,"105":0,"106":16,"107":16,"108":13,"109":3,"110":10,"111":7,"112":2,"113":5,"114":1,"115":4,"116":1,"117":3,"118":2,"119":2,"120":2,"121":2,"122":1,"123":2,"124":0,"125":2,"126":0,"127":2,"128":4,"129":3,"130":0,"131":3,"132":3,"133":1,"134":2,"135":2,"136":2,"137":2,"138":1,"139":1},"f":{"0":35,"1":5,"2":5,"3":2,"4":3,"5":3,"6":2,"7":2,"8":3,"9":0,"10":0,"11":0,"12":0,"13":0,"14":0,"15":0,"16":0,"17":0,"18":16,"19":13,"20":7,"21":2,"22":4,"23":3},"b":{"0":[35],"1":[35,35],"2":[1,4],"3":[5,4],"4":[1,3],"5":[1,2],"6":[1,1],"7":[3,2],"8":[1,1],"9":[1,1],"10":[1,1],"11":[0,3],"12":[3,2],"13":[0,3],"14":[3,2],"15":[2,1],"16":[1,1],"17":[2,1],"18":[1,1],"19":[2,0],"20":[0,3],"21":[1,2],"22":[1,1],"23":[0,2],"24":[0,3],"25":[3,0],"26":[3,3],"27":[0],"28":[0,0],"29":[0,0],"30":[0,0],"31":[0,0],"32":[3,10],"33":[13,10],"34":[2,5],"35":[7,6],"36":[1,4],"37":[5,5],"38":[1,3],"39":[4,4],"40":[2,0],"41":[2,2],"42":[1,1],"43":[2,2],"44":[0,2],"45":[2,0],"46":[0,2],"47":[2,0],"48":[0,3],"49":[3,3],"50":[1,2],"51":[1,1]},"_coverageSchema":"1a1c01bbd47fc00a2c39e90264f33305004495a9","hash":"b34f2c7413cb95f2d727ca4e544174fc7436e575"}
}
