TN:
SF:repositories/CourseRepository.js
FN:7,(anonymous_0)
FN:253,(anonymous_1)
FN:255,(anonymous_2)
FN:265,(anonymous_3)
FN:267,(anonymous_4)
FN:277,(anonymous_5)
FN:283,(anonymous_6)
FN:288,(anonymous_7)
FN:293,(anonymous_8)
FN:298,(anonymous_9)
FN:303,(anonymous_10)
FN:309,(anonymous_11)
FN:312,(anonymous_12)
FN:318,(anonymous_13)
FN:343,(anonymous_14)
FN:352,(anonymous_15)
FN:355,(anonymous_16)
FN:358,(anonymous_17)
FN:367,(anonymous_18)
FN:369,(anonymous_19)
FN:377,(anonymous_20)
FN:386,(anonymous_21)
FN:401,(anonymous_22)
FN:413,(anonymous_23)
FN:420,(anonymous_24)
FN:428,(anonymous_25)
FN:433,(anonymous_26)
FN:443,(anonymous_27)
FN:455,(anonymous_28)
FN:485,(anonymous_29)
FN:487,(anonymous_30)
FN:508,(anonymous_31)
FN:510,(anonymous_32)
FN:525,(anonymous_33)
FN:528,(anonymous_34)
FN:529,(anonymous_35)
FN:530,(anonymous_36)
FN:531,(anonymous_37)
FNF:38
FNH:0
FNDA:0,(anonymous_0)
FNDA:0,(anonymous_1)
FNDA:0,(anonymous_2)
FNDA:0,(anonymous_3)
FNDA:0,(anonymous_4)
FNDA:0,(anonymous_5)
FNDA:0,(anonymous_6)
FNDA:0,(anonymous_7)
FNDA:0,(anonymous_8)
FNDA:0,(anonymous_9)
FNDA:0,(anonymous_10)
FNDA:0,(anonymous_11)
FNDA:0,(anonymous_12)
FNDA:0,(anonymous_13)
FNDA:0,(anonymous_14)
FNDA:0,(anonymous_15)
FNDA:0,(anonymous_16)
FNDA:0,(anonymous_17)
FNDA:0,(anonymous_18)
FNDA:0,(anonymous_19)
FNDA:0,(anonymous_20)
FNDA:0,(anonymous_21)
FNDA:0,(anonymous_22)
FNDA:0,(anonymous_23)
FNDA:0,(anonymous_24)
FNDA:0,(anonymous_25)
FNDA:0,(anonymous_26)
FNDA:0,(anonymous_27)
FNDA:0,(anonymous_28)
FNDA:0,(anonymous_29)
FNDA:0,(anonymous_30)
FNDA:0,(anonymous_31)
FNDA:0,(anonymous_32)
FNDA:0,(anonymous_33)
FNDA:0,(anonymous_34)
FNDA:0,(anonymous_35)
FNDA:0,(anonymous_36)
FNDA:0,(anonymous_37)
DA:9,0
DA:254,0
DA:255,0
DA:256,0
DA:258,0
DA:266,0
DA:267,0
DA:268,0
DA:270,0
DA:278,0
DA:279,0
DA:282,0
DA:283,0
DA:287,0
DA:288,0
DA:292,0
DA:293,0
DA:297,0
DA:298,0
DA:302,0
DA:303,0
DA:307,0
DA:308,0
DA:309,0
DA:310,0
DA:312,0
DA:317,0
DA:318,0
DA:319,0
DA:321,0
DA:323,0
DA:325,0
DA:327,0
DA:329,0
DA:331,0
DA:337,0
DA:338,0
DA:339,0
DA:340,0
DA:343,0
DA:345,0
DA:353,0
DA:354,0
DA:355,0
DA:358,0
DA:360,0
DA:368,0
DA:369,0
DA:370,0
DA:373,0
DA:374,0
DA:377,0
DA:379,0
DA:387,0
DA:388,0
DA:389,0
DA:390,0
DA:395,0
DA:401,0
DA:402,0
DA:404,0
DA:406,0
DA:414,0
DA:415,0
DA:416,0
DA:417,0
DA:420,0
DA:421,0
DA:422,0
DA:424,0
DA:428,0
DA:429,0
DA:430,0
DA:433,0
DA:434,0
DA:436,0
DA:443,0
DA:444,0
DA:446,0
DA:448,0
DA:456,0
DA:458,0
DA:459,0
DA:460,0
DA:463,0
DA:475,0
DA:476,0
DA:478,0
DA:486,0
DA:487,0
DA:488,0
DA:489,0
DA:492,0
DA:498,0
DA:499,0
DA:501,0
DA:509,0
DA:510,0
DA:511,0
DA:512,0
DA:515,0
DA:516,0
DA:518,0
DA:526,0
DA:527,0
DA:528,0
DA:529,0
DA:530,0
DA:531,0
DA:533,0
DA:541,0
LF:111
LH:0
BRDA:7,0,0,0
BRDA:9,1,0,0
BRDA:9,1,1,0
BRDA:256,2,0,0
BRDA:256,2,1,0
BRDA:268,3,0,0
BRDA:268,3,1,0
BRDA:277,4,0,0
BRDA:282,5,0,0
BRDA:282,5,1,0
BRDA:287,6,0,0
BRDA:287,6,1,0
BRDA:292,7,0,0
BRDA:292,7,1,0
BRDA:297,8,0,0
BRDA:297,8,1,0
BRDA:302,9,0,0
BRDA:302,9,1,0
BRDA:307,10,0,0
BRDA:307,10,1,0
BRDA:310,11,0,0
BRDA:310,11,1,0
BRDA:310,11,2,0
BRDA:317,12,0,0
BRDA:317,12,1,0
BRDA:319,13,0,0
BRDA:319,13,1,0
BRDA:319,13,2,0
BRDA:319,13,3,0
BRDA:319,13,4,0
BRDA:319,13,5,0
BRDA:337,14,0,0
BRDA:337,14,1,0
BRDA:337,15,0,0
BRDA:337,15,1,0
BRDA:352,16,0,0
BRDA:355,17,0,0
BRDA:355,17,1,0
BRDA:367,18,0,0
BRDA:370,19,0,0
BRDA:370,19,1,0
BRDA:373,20,0,0
BRDA:373,20,1,0
BRDA:389,21,0,0
BRDA:389,21,1,0
BRDA:397,22,0,0
BRDA:397,22,1,0
BRDA:398,23,0,0
BRDA:398,23,1,0
BRDA:416,24,0,0
BRDA:416,24,1,0
BRDA:421,25,0,0
BRDA:421,25,1,0
BRDA:429,26,0,0
BRDA:429,26,1,0
BRDA:459,27,0,0
BRDA:459,27,1,0
BRDA:488,28,0,0
BRDA:488,28,1,0
BRDA:511,29,0,0
BRDA:511,29,1,0
BRF:61
BRH:0
end_of_record
TN:
SF:repositories/PaymentRepository.js
FN:7,(anonymous_0)
FN:189,(anonymous_1)
FN:191,(anonymous_2)
FN:201,(anonymous_3)
FN:203,(anonymous_4)
FN:207,(anonymous_5)
FN:212,(anonymous_6)
FN:216,(anonymous_7)
FN:225,(anonymous_8)
FN:234,(anonymous_9)
FN:236,(anonymous_10)
FN:253,(anonymous_11)
FN:272,(anonymous_12)
FN:274,(anonymous_13)
FN:299,(anonymous_14)
FN:302,(anonymous_15)
FN:303,(anonymous_16)
FN:312,(anonymous_17)
FN:314,(anonymous_18)
FN:324,(anonymous_19)
FN:326,(anonymous_20)
FN:363,(anonymous_21)
FN:365,(anonymous_22)
FN:383,(anonymous_23)
FN:425,(anonymous_24)
FN:431,(anonymous_25)
FN:434,(anonymous_26)
FN:438,(anonymous_27)
FN:439,(anonymous_28)
FN:442,(anonymous_29)
FN:443,(anonymous_30)
FN:444,(anonymous_31)
FN:446,(anonymous_32)
FN:447,(anonymous_33)
FN:455,(anonymous_34)
FN:456,(anonymous_35)
FN:467,(anonymous_36)
FN:473,(anonymous_37)
FN:476,(anonymous_38)
FN:479,(anonymous_39)
FN:483,(anonymous_40)
FN:492,(anonymous_41)
FNF:42
FNH:0
FNDA:0,(anonymous_0)
FNDA:0,(anonymous_1)
FNDA:0,(anonymous_2)
FNDA:0,(anonymous_3)
FNDA:0,(anonymous_4)
FNDA:0,(anonymous_5)
FNDA:0,(anonymous_6)
FNDA:0,(anonymous_7)
FNDA:0,(anonymous_8)
FNDA:0,(anonymous_9)
FNDA:0,(anonymous_10)
FNDA:0,(anonymous_11)
FNDA:0,(anonymous_12)
FNDA:0,(anonymous_13)
FNDA:0,(anonymous_14)
FNDA:0,(anonymous_15)
FNDA:0,(anonymous_16)
FNDA:0,(anonymous_17)
FNDA:0,(anonymous_18)
FNDA:0,(anonymous_19)
FNDA:0,(anonymous_20)
FNDA:0,(anonymous_21)
FNDA:0,(anonymous_22)
FNDA:0,(anonymous_23)
FNDA:0,(anonymous_24)
FNDA:0,(anonymous_25)
FNDA:0,(anonymous_26)
FNDA:0,(anonymous_27)
FNDA:0,(anonymous_28)
FNDA:0,(anonymous_29)
FNDA:0,(anonymous_30)
FNDA:0,(anonymous_31)
FNDA:0,(anonymous_32)
FNDA:0,(anonymous_33)
FNDA:0,(anonymous_34)
FNDA:0,(anonymous_35)
FNDA:0,(anonymous_36)
FNDA:0,(anonymous_37)
FNDA:0,(anonymous_38)
FNDA:0,(anonymous_39)
FNDA:0,(anonymous_40)
FNDA:0,(anonymous_41)
DA:9,0
DA:103,0
DA:156,0
DA:190,0
DA:191,0
DA:192,0
DA:194,0
DA:202,0
DA:203,0
DA:206,0
DA:207,0
DA:211,0
DA:212,0
DA:216,0
DA:219,0
DA:220,0
DA:221,0
DA:222,0
DA:225,0
DA:227,0
DA:235,0
DA:236,0
DA:237,0
DA:244,0
DA:246,0
DA:254,0
DA:255,0
DA:262,0
DA:263,0
DA:265,0
DA:273,0
DA:274,0
DA:275,0
DA:276,0
DA:279,0
DA:289,0
DA:290,0
DA:292,0
DA:300,0
DA:301,0
DA:302,0
DA:303,0
DA:305,0
DA:313,0
DA:314,0
DA:315,0
DA:317,0
DA:325,0
DA:326,0
DA:327,0
DA:330,0
DA:331,0
DA:335,0
DA:336,0
DA:337,0
DA:341,0
DA:342,0
DA:346,0
DA:347,0
DA:350,0
DA:356,0
DA:364,0
DA:365,0
DA:366,0
DA:369,0
DA:370,0
DA:373,0
DA:374,0
DA:376,0
DA:384,0
DA:385,0
DA:386,0
DA:387,0
DA:390,0
DA:391,0
DA:392,0
DA:394,0
DA:395,0
DA:396,0
DA:397,0
DA:399,0
DA:400,0
DA:401,0
DA:402,0
DA:405,0
DA:406,0
DA:410,0
DA:418,0
DA:426,0
DA:427,0
DA:430,0
DA:431,0
DA:433,0
DA:434,0
DA:437,0
DA:438,0
DA:439,0
DA:441,0
DA:442,0
DA:443,0
DA:444,0
DA:446,0
DA:447,0
DA:449,0
DA:455,0
DA:456,0
DA:460,0
DA:468,0
DA:469,0
DA:472,0
DA:473,0
DA:475,0
DA:476,0
DA:478,0
DA:479,0
DA:483,0
DA:486,0
DA:487,0
DA:488,0
DA:489,0
DA:492,0
DA:494,0
LF:122
LH:0
BRDA:7,0,0,0
BRDA:9,1,0,0
BRDA:9,1,1,0
BRDA:192,2,0,0
BRDA:192,2,1,0
BRDA:201,3,0,0
BRDA:206,4,0,0
BRDA:206,4,1,0
BRDA:211,5,0,0
BRDA:211,5,1,0
BRDA:219,6,0,0
BRDA:219,6,1,0
BRDA:219,7,0,0
BRDA:219,7,1,0
BRDA:237,8,0,0
BRDA:237,8,1,0
BRDA:237,8,2,0
BRDA:237,8,3,0
BRDA:237,8,4,0
BRDA:244,9,0,0
BRDA:244,9,1,0
BRDA:259,10,0,0
BRDA:259,10,1,0
BRDA:272,11,0,0
BRDA:275,12,0,0
BRDA:275,12,1,0
BRDA:282,13,0,0
BRDA:282,13,1,0
BRDA:315,14,0,0
BRDA:315,14,1,0
BRDA:324,15,0,0
BRDA:327,16,0,0
BRDA:327,16,1,0
BRDA:330,17,0,0
BRDA:330,17,1,0
BRDA:336,18,0,0
BRDA:336,18,1,0
BRDA:336,19,0,0
BRDA:336,19,1,0
BRDA:341,20,0,0
BRDA:341,20,1,0
BRDA:346,21,0,0
BRDA:346,21,1,0
BRDA:346,22,0,0
BRDA:346,22,1,0
BRDA:369,23,0,0
BRDA:369,23,1,0
BRDA:383,24,0,0
BRDA:386,25,0,0
BRDA:386,25,1,0
BRDA:394,26,0,0
BRDA:394,26,1,0
BRDA:396,27,0,0
BRDA:396,27,1,0
BRDA:399,28,0,0
BRDA:399,28,1,0
BRDA:401,29,0,0
BRDA:401,29,1,0
BRDA:425,30,0,0
BRDA:430,31,0,0
BRDA:430,31,1,0
BRDA:433,32,0,0
BRDA:433,32,1,0
BRDA:446,33,0,0
BRDA:446,33,1,0
BRDA:447,34,0,0
BRDA:447,34,1,0
BRDA:457,35,0,0
BRDA:457,35,1,0
BRDA:467,36,0,0
BRDA:472,37,0,0
BRDA:472,37,1,0
BRDA:475,38,0,0
BRDA:475,38,1,0
BRDA:478,39,0,0
BRDA:478,39,1,0
BRDA:486,40,0,0
BRDA:486,40,1,0
BRDA:486,41,0,0
BRDA:486,41,1,0
BRF:80
BRH:0
end_of_record
TN:
SF:repositories/UserRepository.js
FN:7,(anonymous_0)
FN:100,(anonymous_1)
FN:102,(anonymous_2)
FN:112,(anonymous_3)
FN:114,(anonymous_4)
FN:124,(anonymous_5)
FN:142,(anonymous_6)
FN:189,(anonymous_7)
FN:191,(anonymous_8)
FN:225,(anonymous_9)
FN:240,(anonymous_10)
FN:261,(anonymous_11)
FN:267,(anonymous_12)
FN:272,(anonymous_13)
FN:282,(anonymous_14)
FN:291,(anonymous_15)
FN:293,(anonymous_16)
FN:308,(anonymous_17)
FN:331,(anonymous_18)
FNF:19
FNH:18
FNDA:33,(anonymous_0)
FNDA:14,(anonymous_1)
FNDA:19,(anonymous_2)
FNDA:10,(anonymous_3)
FNDA:13,(anonymous_4)
FNDA:3,(anonymous_5)
FNDA:4,(anonymous_6)
FNDA:4,(anonymous_7)
FNDA:5,(anonymous_8)
FNDA:0,(anonymous_9)
FNDA:1,(anonymous_10)
FNDA:4,(anonymous_11)
FNDA:2,(anonymous_12)
FNDA:2,(anonymous_13)
FNDA:5,(anonymous_14)
FNDA:2,(anonymous_15)
FNDA:3,(anonymous_16)
FNDA:4,(anonymous_17)
FNDA:3,(anonymous_18)
DA:9,33
DA:101,14
DA:102,19
DA:103,13
DA:105,1
DA:113,10
DA:114,13
DA:115,9
DA:117,1
DA:125,3
DA:126,3
DA:127,3
DA:128,1
DA:132,2
DA:133,2
DA:135,0
DA:143,4
DA:145,4
DA:146,3
DA:147,1
DA:150,2
DA:179,2
DA:180,2
DA:182,2
DA:190,4
DA:191,5
DA:192,4
DA:193,1
DA:197,3
DA:198,3
DA:215,3
DA:216,3
DA:218,1
DA:226,0
DA:227,0
DA:233,0
DA:241,1
DA:242,1
DA:243,1
DA:244,0
DA:247,1
DA:252,1
DA:254,0
DA:262,4
DA:263,4
DA:266,4
DA:267,2
DA:271,4
DA:272,2
DA:276,4
DA:277,1
DA:278,1
DA:279,1
DA:282,5
DA:284,0
DA:292,2
DA:293,3
DA:294,2
DA:295,1
DA:298,1
DA:299,1
DA:301,1
DA:309,4
DA:310,4
DA:311,4
DA:312,1
DA:316,3
DA:322,3
DA:324,0
DA:332,3
DA:333,3
DA:334,3
DA:335,1
DA:338,2
DA:339,2
DA:341,2
DA:343,0
LF:77
LH:68
BRDA:7,0,0,0
BRDA:9,1,0,33
BRDA:9,1,1,0
BRDA:103,2,0,9
BRDA:103,2,1,4
BRDA:115,3,0,5
BRDA:115,3,1,4
BRDA:127,4,0,1
BRDA:127,4,1,2
BRDA:133,5,0,1
BRDA:133,5,1,1
BRDA:146,6,0,1
BRDA:146,6,1,2
BRDA:155,7,0,2
BRDA:155,7,1,2
BRDA:156,8,0,2
BRDA:156,8,1,2
BRDA:166,9,0,2
BRDA:166,9,1,2
BRDA:192,10,0,1
BRDA:192,10,1,3
BRDA:203,11,0,3
BRDA:203,11,1,2
BRDA:207,12,0,3
BRDA:207,12,1,3
BRDA:211,13,0,3
BRDA:211,13,1,1
BRDA:243,14,0,0
BRDA:243,14,1,1
BRDA:261,15,0,1
BRDA:266,16,0,1
BRDA:266,16,1,3
BRDA:271,17,0,1
BRDA:271,17,1,3
BRDA:276,18,0,1
BRDA:276,18,1,3
BRDA:276,19,0,4
BRDA:276,19,1,1
BRDA:294,20,0,1
BRDA:294,20,1,1
BRDA:311,21,0,1
BRDA:311,21,1,3
BRDA:322,22,0,3
BRDA:322,22,1,1
BRDA:334,23,0,1
BRDA:334,23,1,2
BRDA:341,24,0,2
BRDA:341,24,1,1
BRF:48
BRH:45
end_of_record
TN:
SF:services/CourseService.js
FN:10,(anonymous_0)
FN:18,(anonymous_1)
FN:59,(anonymous_2)
FN:79,(anonymous_3)
FN:85,(anonymous_4)
FN:123,(anonymous_5)
FN:128,(anonymous_6)
FN:165,(anonymous_7)
FN:170,(anonymous_8)
FN:208,(anonymous_9)
FN:219,(anonymous_10)
FN:240,(anonymous_11)
FN:291,(anonymous_12)
FN:341,(anonymous_13)
FN:349,(anonymous_14)
FN:350,(anonymous_15)
FN:371,(anonymous_16)
FN:413,(anonymous_17)
FN:439,(anonymous_18)
FN:473,(anonymous_19)
FN:502,(anonymous_20)
FN:529,(anonymous_21)
FN:537,(anonymous_22)
FN:556,(anonymous_23)
FN:567,(anonymous_24)
FN:571,(anonymous_25)
FNF:26
FNH:20
FNDA:34,(anonymous_0)
FNDA:5,(anonymous_1)
FNDA:2,(anonymous_2)
FNDA:2,(anonymous_3)
FNDA:3,(anonymous_4)
FNDA:2,(anonymous_5)
FNDA:2,(anonymous_6)
FNDA:1,(anonymous_7)
FNDA:1,(anonymous_8)
FNDA:2,(anonymous_9)
FNDA:4,(anonymous_10)
FNDA:3,(anonymous_11)
FNDA:2,(anonymous_12)
FNDA:2,(anonymous_13)
FNDA:4,(anonymous_14)
FNDA:4,(anonymous_15)
FNDA:11,(anonymous_16)
FNDA:0,(anonymous_17)
FNDA:3,(anonymous_18)
FNDA:0,(anonymous_19)
FNDA:5,(anonymous_20)
FNDA:4,(anonymous_21)
FNDA:0,(anonymous_22)
FNDA:0,(anonymous_23)
FNDA:0,(anonymous_24)
FNDA:0,(anonymous_25)
DA:11,34
DA:12,34
DA:19,5
DA:20,5
DA:21,5
DA:22,1
DA:26,4
DA:27,4
DA:29,4
DA:30,1
DA:31,1
DA:32,1
DA:35,3
DA:36,3
DA:39,4
DA:48,1
DA:60,2
DA:61,2
DA:62,2
DA:63,1
DA:66,1
DA:68,1
DA:80,2
DA:81,2
DA:84,2
DA:86,3
DA:87,3
DA:89,3
DA:90,0
DA:91,0
DA:92,0
DA:94,3
DA:95,3
DA:98,3
DA:106,2
DA:112,0
DA:124,2
DA:125,2
DA:127,2
DA:129,2
DA:130,2
DA:132,2
DA:133,0
DA:134,0
DA:135,0
DA:137,2
DA:138,2
DA:141,2
DA:149,2
DA:154,0
DA:166,1
DA:167,1
DA:169,1
DA:171,1
DA:172,1
DA:174,1
DA:175,0
DA:176,0
DA:177,0
DA:179,1
DA:180,1
DA:183,1
DA:191,1
DA:197,0
DA:209,2
DA:210,2
DA:211,2
DA:212,1
DA:216,1
DA:219,1
DA:220,4
DA:223,1
DA:229,1
DA:241,3
DA:243,3
DA:244,3
DA:245,1
DA:248,2
DA:249,2
DA:250,0
DA:254,2
DA:255,1
DA:263,1
DA:269,1
DA:270,1
DA:274,1
DA:280,1
DA:292,2
DA:294,2
DA:295,2
DA:296,0
DA:300,2
DA:303,2
DA:304,2
DA:306,2
DA:311,2
DA:312,1
DA:315,1
DA:316,1
DA:320,2
DA:322,2
DA:330,0
DA:342,2
DA:343,2
DA:344,2
DA:345,0
DA:349,4
DA:350,4
DA:352,2
DA:359,0
DA:372,11
DA:373,11
DA:374,11
DA:375,0
DA:378,11
DA:379,11
DA:380,0
DA:384,11
DA:385,4
DA:389,7
DA:390,7
DA:391,3
DA:395,4
DA:396,1
DA:400,3
DA:401,1
DA:404,1
DA:406,1
DA:414,0
DA:416,0
DA:417,0
DA:418,0
DA:421,0
DA:423,0
DA:428,0
DA:440,3
DA:442,3
DA:443,3
DA:444,1
DA:448,2
DA:449,2
DA:450,1
DA:454,1
DA:456,1
DA:462,2
DA:474,0
DA:476,0
DA:477,0
DA:478,0
DA:481,0
DA:483,0
DA:489,0
DA:503,5
DA:504,2
DA:507,3
DA:508,0
DA:511,3
DA:512,1
DA:515,2
DA:516,0
DA:519,2
DA:520,0
DA:523,2
DA:531,4
DA:538,0
DA:539,0
DA:542,0
DA:543,0
DA:544,0
DA:546,0
DA:557,0
DA:558,0
DA:559,0
DA:560,0
DA:564,0
DA:567,0
DA:570,0
DA:571,0
DA:574,0
DA:579,0
LF:180
LH:128
BRDA:10,0,0,34
BRDA:10,1,0,34
BRDA:11,2,0,34
BRDA:11,2,1,34
BRDA:12,3,0,34
BRDA:12,3,1,34
BRDA:18,4,0,3
BRDA:21,5,0,1
BRDA:21,5,1,4
BRDA:29,6,0,1
BRDA:29,6,1,3
BRDA:36,7,0,1
BRDA:36,7,1,2
BRDA:59,8,0,2
BRDA:62,9,0,1
BRDA:62,9,1,1
BRDA:79,10,0,1
BRDA:79,11,0,2
BRDA:89,12,0,0
BRDA:89,12,1,3
BRDA:95,13,0,1
BRDA:95,13,1,2
BRDA:123,14,0,1
BRDA:123,15,0,2
BRDA:132,16,0,0
BRDA:132,16,1,2
BRDA:138,17,0,1
BRDA:138,17,1,1
BRDA:165,18,0,0
BRDA:165,19,0,1
BRDA:174,20,0,0
BRDA:174,20,1,1
BRDA:180,21,0,0
BRDA:180,21,1,1
BRDA:211,22,0,1
BRDA:211,22,1,1
BRDA:220,23,0,4
BRDA:220,23,1,3
BRDA:244,24,0,1
BRDA:244,24,1,2
BRDA:249,25,0,0
BRDA:249,25,1,2
BRDA:254,26,0,1
BRDA:254,26,1,1
BRDA:291,27,0,0
BRDA:295,28,0,0
BRDA:295,28,1,2
BRDA:311,29,0,1
BRDA:311,29,1,1
BRDA:315,30,0,1
BRDA:315,30,1,0
BRDA:327,31,0,1
BRDA:327,31,1,1
BRDA:344,32,0,0
BRDA:344,32,1,2
BRDA:355,33,0,2
BRDA:355,33,1,1
BRDA:374,34,0,0
BRDA:374,34,1,11
BRDA:379,35,0,0
BRDA:379,35,1,11
BRDA:384,36,0,4
BRDA:384,36,1,7
BRDA:390,37,0,3
BRDA:390,37,1,4
BRDA:395,38,0,1
BRDA:395,38,1,3
BRDA:400,39,0,1
BRDA:400,39,1,1
BRDA:417,40,0,0
BRDA:417,40,1,0
BRDA:417,41,0,0
BRDA:417,41,1,0
BRDA:443,42,0,1
BRDA:443,42,1,2
BRDA:443,43,0,3
BRDA:443,43,1,3
BRDA:449,44,0,1
BRDA:449,44,1,1
BRDA:477,45,0,0
BRDA:477,45,1,0
BRDA:477,46,0,0
BRDA:477,46,1,0
BRDA:503,47,0,2
BRDA:503,47,1,3
BRDA:503,48,0,5
BRDA:503,48,1,5
BRDA:507,49,0,0
BRDA:507,49,1,3
BRDA:507,50,0,3
BRDA:507,50,1,3
BRDA:511,51,0,1
BRDA:511,51,1,2
BRDA:511,52,0,3
BRDA:511,52,1,3
BRDA:515,53,0,0
BRDA:515,53,1,2
BRDA:519,54,0,0
BRDA:519,54,1,2
BRDA:519,55,0,2
BRDA:519,55,1,2
BRDA:531,56,0,4
BRDA:531,56,1,3
BRDA:538,57,0,0
BRDA:538,57,1,0
BRDA:538,58,0,0
BRDA:538,58,1,0
BRDA:556,59,0,0
BRDA:559,60,0,0
BRDA:559,60,1,0
BRF:110
BRH:80
end_of_record
TN:
SF:services/PaymentService.js
FN:10,(anonymous_0)
FN:18,(anonymous_1)
FN:126,(anonymous_2)
FN:211,(anonymous_3)
FN:251,(anonymous_4)
FN:289,(anonymous_5)
FN:315,(anonymous_6)
FN:336,(anonymous_7)
FN:356,(anonymous_8)
FN:382,(anonymous_9)
FN:409,(anonymous_10)
FN:440,(anonymous_11)
FN:463,(anonymous_12)
FN:465,(anonymous_13)
FN:486,(anonymous_14)
FN:504,(anonymous_15)
FN:514,(anonymous_16)
FN:524,(anonymous_17)
FN:544,(anonymous_18)
FN:566,(anonymous_19)
FNF:20
FNH:0
FNDA:0,(anonymous_0)
FNDA:0,(anonymous_1)
FNDA:0,(anonymous_2)
FNDA:0,(anonymous_3)
FNDA:0,(anonymous_4)
FNDA:0,(anonymous_5)
FNDA:0,(anonymous_6)
FNDA:0,(anonymous_7)
FNDA:0,(anonymous_8)
FNDA:0,(anonymous_9)
FNDA:0,(anonymous_10)
FNDA:0,(anonymous_11)
FNDA:0,(anonymous_12)
FNDA:0,(anonymous_13)
FNDA:0,(anonymous_14)
FNDA:0,(anonymous_15)
FNDA:0,(anonymous_16)
FNDA:0,(anonymous_17)
FNDA:0,(anonymous_18)
FNDA:0,(anonymous_19)
DA:11,0
DA:12,0
DA:19,0
DA:21,0
DA:22,0
DA:23,0
DA:27,0
DA:28,0
DA:29,0
DA:33,0
DA:34,0
DA:35,0
DA:39,0
DA:42,0
DA:43,0
DA:44,0
DA:48,0
DA:72,0
DA:74,0
DA:76,0
DA:83,0
DA:84,0
DA:88,0
DA:96,0
DA:103,0
DA:108,0
DA:115,0
DA:127,0
DA:129,0
DA:130,0
DA:131,0
DA:132,0
DA:137,0
DA:138,0
DA:142,0
DA:143,0
DA:144,0
DA:148,0
DA:173,0
DA:175,0
DA:176,0
DA:182,0
DA:188,0
DA:193,0
DA:200,0
DA:212,0
DA:213,0
DA:214,0
DA:215,0
DA:218,0
DA:219,0
DA:220,0
DA:224,0
DA:236,0
DA:241,0
DA:252,0
DA:253,0
DA:254,0
DA:255,0
DA:258,0
DA:259,0
DA:260,0
DA:264,0
DA:269,0
DA:270,0
DA:273,0
DA:274,0
DA:277,0
DA:279,0
DA:290,0
DA:291,0
DA:292,0
DA:293,0
DA:296,0
DA:298,0
DA:304,0
DA:316,0
DA:317,0
DA:319,0
DA:325,0
DA:337,0
DA:338,0
DA:340,0
DA:345,0
DA:357,0
DA:359,0
DA:360,0
DA:361,0
DA:364,0
DA:366,0
DA:371,0
DA:383,0
DA:385,0
DA:386,0
DA:387,0
DA:390,0
DA:392,0
DA:398,0
DA:410,0
DA:411,0
DA:413,0
DA:416,0
DA:419,0
DA:422,0
DA:428,0
DA:441,0
DA:442,0
DA:445,0
DA:446,0
DA:447,0
DA:451,0
DA:452,0
DA:453,0
DA:457,0
DA:465,0
DA:468,0
DA:470,0
DA:471,0
DA:477,0
DA:487,0
DA:489,0
DA:491,0
DA:494,0
DA:497,0
DA:505,0
DA:506,0
DA:507,0
DA:508,0
DA:515,0
DA:516,0
DA:517,0
DA:518,0
DA:525,0
DA:526,0
DA:527,0
DA:529,0
DA:534,0
DA:545,0
DA:546,0
DA:547,0
DA:551,0
DA:556,0
DA:567,0
DA:568,0
DA:572,0
DA:577,0
LF:146
LH:0
BRDA:10,0,0,0
BRDA:10,1,0,0
BRDA:11,2,0,0
BRDA:11,2,1,0
BRDA:12,3,0,0
BRDA:12,3,1,0
BRDA:18,4,0,0
BRDA:22,5,0,0
BRDA:22,5,1,0
BRDA:28,6,0,0
BRDA:28,6,1,0
BRDA:34,7,0,0
BRDA:34,7,1,0
BRDA:43,8,0,0
BRDA:43,8,1,0
BRDA:74,9,0,0
BRDA:74,9,1,0
BRDA:83,10,0,0
BRDA:83,10,1,0
BRDA:83,11,0,0
BRDA:83,11,1,0
BRDA:111,12,0,0
BRDA:111,12,1,0
BRDA:126,13,0,0
BRDA:129,14,0,0
BRDA:129,14,1,0
BRDA:131,15,0,0
BRDA:131,15,1,0
BRDA:137,16,0,0
BRDA:137,16,1,0
BRDA:143,17,0,0
BRDA:143,17,1,0
BRDA:149,18,0,0
BRDA:149,18,1,0
BRDA:158,19,0,0
BRDA:158,19,1,0
BRDA:175,20,0,0
BRDA:175,20,1,0
BRDA:196,21,0,0
BRDA:196,21,1,0
BRDA:211,22,0,0
BRDA:214,23,0,0
BRDA:214,23,1,0
BRDA:219,24,0,0
BRDA:219,24,1,0
BRDA:254,25,0,0
BRDA:254,25,1,0
BRDA:259,26,0,0
BRDA:259,26,1,0
BRDA:259,27,0,0
BRDA:259,27,1,0
BRDA:269,28,0,0
BRDA:269,28,1,0
BRDA:289,29,0,0
BRDA:292,30,0,0
BRDA:292,30,1,0
BRDA:315,31,0,0
BRDA:321,32,0,0
BRDA:321,32,1,0
BRDA:356,33,0,0
BRDA:360,34,0,0
BRDA:360,34,1,0
BRDA:360,35,0,0
BRDA:360,35,1,0
BRDA:382,36,0,0
BRDA:386,37,0,0
BRDA:386,37,1,0
BRDA:386,38,0,0
BRDA:386,38,1,0
BRDA:411,39,0,0
BRDA:411,39,1,0
BRDA:411,39,2,0
BRDA:411,39,3,0
BRDA:441,40,0,0
BRDA:441,40,1,0
BRDA:441,41,0,0
BRDA:441,41,1,0
BRDA:445,42,0,0
BRDA:445,42,1,0
BRDA:446,43,0,0
BRDA:446,43,1,0
BRDA:446,44,0,0
BRDA:446,44,1,0
BRDA:451,45,0,0
BRDA:451,45,1,0
BRDA:452,46,0,0
BRDA:452,46,1,0
BRDA:470,47,0,0
BRDA:470,47,1,0
BRDA:489,48,0,0
BRDA:489,48,1,0
BRDA:489,48,2,0
BRF:92
BRH:0
end_of_record
TN:
SF:services/UserService.js
FN:9,(anonymous_0)
FN:16,(anonymous_1)
FN:63,(anonymous_2)
FN:107,(anonymous_3)
FN:132,(anonymous_4)
FN:178,(anonymous_5)
FN:216,(anonymous_6)
FN:245,(anonymous_7)
FN:266,(anonymous_8)
FN:305,(anonymous_9)
FN:316,(anonymous_10)
FN:338,(anonymous_11)
FN:350,(anonymous_12)
FN:351,(anonymous_13)
FN:352,(anonymous_14)
FN:353,(anonymous_15)
FN:354,(anonymous_16)
FN:355,(anonymous_17)
FN:376,(anonymous_18)
FN:384,(anonymous_19)
FN:394,(anonymous_20)
FN:413,(anonymous_21)
FN:438,(anonymous_22)
FN:445,(anonymous_23)
FNF:24
FNH:15
FNDA:35,(anonymous_0)
FNDA:5,(anonymous_1)
FNDA:5,(anonymous_2)
FNDA:2,(anonymous_3)
FNDA:3,(anonymous_4)
FNDA:3,(anonymous_5)
FNDA:2,(anonymous_6)
FNDA:2,(anonymous_7)
FNDA:3,(anonymous_8)
FNDA:0,(anonymous_9)
FNDA:0,(anonymous_10)
FNDA:0,(anonymous_11)
FNDA:0,(anonymous_12)
FNDA:0,(anonymous_13)
FNDA:0,(anonymous_14)
FNDA:0,(anonymous_15)
FNDA:0,(anonymous_16)
FNDA:0,(anonymous_17)
FNDA:16,(anonymous_18)
FNDA:13,(anonymous_19)
FNDA:7,(anonymous_20)
FNDA:2,(anonymous_21)
FNDA:4,(anonymous_22)
FNDA:3,(anonymous_23)
DA:10,35
DA:17,5
DA:19,5
DA:20,1
DA:23,4
DA:24,1
DA:28,3
DA:29,3
DA:30,1
DA:34,2
DA:35,1
DA:39,1
DA:42,1
DA:44,1
DA:51,4
DA:64,5
DA:66,5
DA:67,5
DA:68,3
DA:72,2
DA:73,2
DA:74,1
DA:78,1
DA:86,1
DA:88,1
DA:95,4
DA:108,2
DA:109,2
DA:110,2
DA:111,1
DA:115,1
DA:116,1
DA:121,1
DA:133,3
DA:135,3
DA:136,0
DA:139,3
DA:140,0
DA:144,3
DA:145,2
DA:146,2
DA:147,1
DA:152,2
DA:159,2
DA:161,2
DA:167,1
DA:179,3
DA:181,3
DA:182,3
DA:183,0
DA:187,3
DA:188,1
DA:192,2
DA:193,1
DA:197,1
DA:201,1
DA:206,2
DA:217,2
DA:218,2
DA:219,2
DA:220,0
DA:224,2
DA:226,2
DA:228,2
DA:234,0
DA:246,2
DA:247,2
DA:249,2
DA:255,0
DA:267,3
DA:268,3
DA:269,3
DA:270,0
DA:273,3
DA:274,3
DA:277,3
DA:278,3
DA:279,3
DA:280,3
DA:281,3
DA:284,3
DA:294,0
DA:306,0
DA:308,0
DA:309,0
DA:310,0
DA:313,0
DA:316,0
DA:317,0
DA:318,0
DA:321,0
DA:327,0
DA:339,0
DA:341,0
DA:342,0
DA:343,0
DA:346,0
DA:348,0
DA:350,0
DA:351,0
DA:352,0
DA:353,0
DA:354,0
DA:355,0
DA:358,0
DA:363,0
DA:377,16
DA:378,16
DA:385,13
DA:386,3
DA:388,10
DA:395,7
DA:396,2
DA:399,5
DA:400,1
DA:403,4
DA:404,1
DA:407,3
DA:414,2
DA:416,2
DA:417,2
DA:420,2
DA:421,1
DA:424,2
DA:425,0
DA:428,2
DA:429,0
DA:432,2
DA:439,4
DA:446,3
DA:447,0
DA:450,3
DA:451,3
DA:452,1
DA:455,2
DA:456,2
DA:457,2
DA:460,2
DA:461,1
DA:464,1
LF:140
LH:105
BRDA:9,0,0,35
BRDA:10,1,0,35
BRDA:10,1,1,35
BRDA:19,2,0,1
BRDA:19,2,1,4
BRDA:19,3,0,5
BRDA:19,3,1,4
BRDA:23,4,0,1
BRDA:23,4,1,3
BRDA:29,5,0,1
BRDA:29,5,1,2
BRDA:34,6,0,1
BRDA:34,6,1,1
BRDA:67,7,0,3
BRDA:67,7,1,2
BRDA:73,8,0,1
BRDA:73,8,1,1
BRDA:82,9,0,1
BRDA:82,9,1,1
BRDA:110,10,0,1
BRDA:110,10,1,1
BRDA:135,11,0,0
BRDA:135,11,1,3
BRDA:135,12,0,3
BRDA:135,12,1,2
BRDA:139,13,0,0
BRDA:139,13,1,3
BRDA:139,14,0,3
BRDA:139,14,1,2
BRDA:144,15,0,2
BRDA:144,15,1,1
BRDA:146,16,0,1
BRDA:146,16,1,1
BRDA:146,17,0,2
BRDA:146,17,1,1
BRDA:154,18,0,1
BRDA:154,18,1,1
BRDA:155,19,0,2
BRDA:155,19,1,0
BRDA:182,20,0,0
BRDA:182,20,1,3
BRDA:187,21,0,1
BRDA:187,21,1,2
BRDA:192,22,0,1
BRDA:192,22,1,1
BRDA:219,23,0,0
BRDA:219,23,1,2
BRDA:269,24,0,0
BRDA:269,24,1,3
BRDA:278,25,0,3
BRDA:278,25,1,0
BRDA:290,26,0,3
BRDA:290,26,1,3
BRDA:305,27,0,0
BRDA:309,28,0,0
BRDA:309,28,1,0
BRDA:342,29,0,0
BRDA:342,29,1,0
BRDA:354,30,0,0
BRDA:354,30,1,0
BRDA:355,31,0,0
BRDA:355,31,1,0
BRDA:385,32,0,3
BRDA:385,32,1,10
BRDA:385,33,0,13
BRDA:385,33,1,10
BRDA:395,34,0,2
BRDA:395,34,1,5
BRDA:395,35,0,7
BRDA:395,35,1,6
BRDA:399,36,0,1
BRDA:399,36,1,4
BRDA:399,37,0,5
BRDA:399,37,1,5
BRDA:403,38,0,1
BRDA:403,38,1,3
BRDA:403,39,0,4
BRDA:403,39,1,4
BRDA:416,40,0,2
BRDA:416,40,1,0
BRDA:416,41,0,2
BRDA:416,41,1,2
BRDA:420,42,0,1
BRDA:420,42,1,1
BRDA:420,43,0,2
BRDA:420,43,1,2
BRDA:424,44,0,0
BRDA:424,44,1,2
BRDA:424,45,0,2
BRDA:424,45,1,0
BRDA:428,46,0,0
BRDA:428,46,1,2
BRDA:428,47,0,2
BRDA:428,47,1,0
BRDA:446,48,0,0
BRDA:446,48,1,3
BRDA:446,49,0,3
BRDA:446,49,1,3
BRDA:451,50,0,1
BRDA:451,50,1,2
BRDA:460,51,0,1
BRDA:460,51,1,1
BRF:102
BRH:80
end_of_record
